Determining if the function strnlen exists failed with the following output:
Change Dir: /Users/brainiac/Development/ShowEQ-5.13.1.0/CMakeFiles/CMakeTmp

Run Build Command:/usr/bin/make "cmTryCompileExec/fast"
/usr/bin/make -f CMakeFiles/cmTryCompileExec.dir/build.make CMakeFiles/cmTryCompileExec.dir/build
/opt/local/bin/cmake -E cmake_progress_report /Users/brainiac/Development/ShowEQ-5.13.1.0/CMakeFiles/CMakeTmp/CMakeFiles 1
Building C object CMakeFiles/cmTryCompileExec.dir/CheckFunctionExists.c.o
/usr/bin/gcc   -DCHECK_FUNCTION_EXISTS=strnlen   -o CMakeFiles/cmTryCompileExec.dir/CheckFunctionExists.c.o   -c /opt/local/share/cmake-2.6/Modules/CheckFunctionExists.c
Linking C executable cmTryCompileExec
/opt/local/bin/cmake -E cmake_link_script CMakeFiles/cmTryCompileExec.dir/link.txt --verbose=1
/usr/bin/gcc     -DCHECK_FUNCTION_EXISTS=strnlen -Wl,-search_paths_first -headerpad_max_install_names -fPIC CMakeFiles/cmTryCompileExec.dir/CheckFunctionExists.c.o  -o cmTryCompileExec  
Undefined symbols:
  "_strnlen", referenced from:
      _main in CheckFunctionExists.c.o
ld: symbol(s) not found
collect2: ld returned 1 exit status
make[1]: *** [cmTryCompileExec] Error 1
make: *** [cmTryCompileExec/fast] Error 2


Determining if the function strnlen exists failed with the following output:
Change Dir: /Users/brainiac/Development/ShowEQ-5.13.1.0/CMakeFiles/CMakeTmp

Run Build Command:/usr/bin/make "cmTryCompileExec/fast"
/usr/bin/make -f CMakeFiles/cmTryCompileExec.dir/build.make CMakeFiles/cmTryCompileExec.dir/build
/opt/local/bin/cmake -E cmake_progress_report /Users/brainiac/Development/ShowEQ-5.13.1.0/CMakeFiles/CMakeTmp/CMakeFiles 1
Building C object CMakeFiles/cmTryCompileExec.dir/CheckFunctionExists.c.o
/usr/bin/gcc   -DCHECK_FUNCTION_EXISTS=strnlen   -o CMakeFiles/cmTryCompileExec.dir/CheckFunctionExists.c.o   -c /opt/local/share/cmake-2.6/Modules/CheckFunctionExists.c
Linking C executable cmTryCompileExec
/opt/local/bin/cmake -E cmake_link_script CMakeFiles/cmTryCompileExec.dir/link.txt --verbose=1
/usr/bin/gcc     -DCHECK_FUNCTION_EXISTS=strnlen -Wl,-search_paths_first -headerpad_max_install_names -fPIC CMakeFiles/cmTryCompileExec.dir/CheckFunctionExists.c.o  -o cmTryCompileExec  
Undefined symbols:
  "_strnlen", referenced from:
      _main in CheckFunctionExists.c.o
ld: symbol(s) not found
collect2: ld returned 1 exit status
make[1]: *** [cmTryCompileExec] Error 1
make: *** [cmTryCompileExec/fast] Error 2


Determining if the Q_WS_X11 exist failed with the following output:
Change Dir: /Users/brainiac/Development/ShowEQ-5.13.1.0/CMakeFiles/CMakeTmp

Run Build Command:/usr/bin/make "cmTryCompileExec/fast"
/usr/bin/make -f CMakeFiles/cmTryCompileExec.dir/build.make CMakeFiles/cmTryCompileExec.dir/build
/opt/local/bin/cmake -E cmake_progress_report /Users/brainiac/Development/ShowEQ-5.13.1.0/CMakeFiles/CMakeTmp/CMakeFiles 1
Building C object CMakeFiles/cmTryCompileExec.dir/CheckSymbolExists.c.o
/usr/bin/gcc   -F/usr/local/Trolltech/Qt-4.4.3/lib -I/usr/local/Trolltech/Qt-4.4.3/include   -o CMakeFiles/cmTryCompileExec.dir/CheckSymbolExists.c.o   -c /Users/brainiac/Development/ShowEQ-5.13.1.0/CMakeFiles/CMakeTmp/CheckSymbolExists.c
/Users/brainiac/Development/ShowEQ-5.13.1.0/CMakeFiles/CMakeTmp/CheckSymbolExists.c: In function ‘main’:
/Users/brainiac/Development/ShowEQ-5.13.1.0/CMakeFiles/CMakeTmp/CheckSymbolExists.c:8: error: ‘Q_WS_X11’ undeclared (first use in this function)
/Users/brainiac/Development/ShowEQ-5.13.1.0/CMakeFiles/CMakeTmp/CheckSymbolExists.c:8: error: (Each undeclared identifier is reported only once
/Users/brainiac/Development/ShowEQ-5.13.1.0/CMakeFiles/CMakeTmp/CheckSymbolExists.c:8: error: for each function it appears in.)
make[1]: *** [CMakeFiles/cmTryCompileExec.dir/CheckSymbolExists.c.o] Error 1
make: *** [cmTryCompileExec/fast] Error 2

File /Users/brainiac/Development/ShowEQ-5.13.1.0/CMakeFiles/CMakeTmp/CheckSymbolExists.c:
/* */
#include <QtCore/qglobal.h>

void cmakeRequireSymbol(int dummy,...){(void)dummy;}
int main()
{
#ifndef Q_WS_X11
  cmakeRequireSymbol(0,&Q_WS_X11);
#endif
  return 0;
}

Determining if the Q_WS_WIN exist failed with the following output:
Change Dir: /Users/brainiac/Development/ShowEQ-5.13.1.0/CMakeFiles/CMakeTmp

Run Build Command:/usr/bin/make "cmTryCompileExec/fast"
/usr/bin/make -f CMakeFiles/cmTryCompileExec.dir/build.make CMakeFiles/cmTryCompileExec.dir/build
/opt/local/bin/cmake -E cmake_progress_report /Users/brainiac/Development/ShowEQ-5.13.1.0/CMakeFiles/CMakeTmp/CMakeFiles 1
Building C object CMakeFiles/cmTryCompileExec.dir/CheckSymbolExists.c.o
/usr/bin/gcc   -F/usr/local/Trolltech/Qt-4.4.3/lib -I/usr/local/Trolltech/Qt-4.4.3/include   -o CMakeFiles/cmTryCompileExec.dir/CheckSymbolExists.c.o   -c /Users/brainiac/Development/ShowEQ-5.13.1.0/CMakeFiles/CMakeTmp/CheckSymbolExists.c
/Users/brainiac/Development/ShowEQ-5.13.1.0/CMakeFiles/CMakeTmp/CheckSymbolExists.c: In function ‘main’:
/Users/brainiac/Development/ShowEQ-5.13.1.0/CMakeFiles/CMakeTmp/CheckSymbolExists.c:8: error: ‘Q_WS_WIN’ undeclared (first use in this function)
/Users/brainiac/Development/ShowEQ-5.13.1.0/CMakeFiles/CMakeTmp/CheckSymbolExists.c:8: error: (Each undeclared identifier is reported only once
/Users/brainiac/Development/ShowEQ-5.13.1.0/CMakeFiles/CMakeTmp/CheckSymbolExists.c:8: error: for each function it appears in.)
make[1]: *** [CMakeFiles/cmTryCompileExec.dir/CheckSymbolExists.c.o] Error 1
make: *** [cmTryCompileExec/fast] Error 2

File /Users/brainiac/Development/ShowEQ-5.13.1.0/CMakeFiles/CMakeTmp/CheckSymbolExists.c:
/* */
#include <QtCore/qglobal.h>

void cmakeRequireSymbol(int dummy,...){(void)dummy;}
int main()
{
#ifndef Q_WS_WIN
  cmakeRequireSymbol(0,&Q_WS_WIN);
#endif
  return 0;
}

Determining if the Q_WS_QWS exist failed with the following output:
Change Dir: /Users/brainiac/Development/ShowEQ-5.13.1.0/CMakeFiles/CMakeTmp

Run Build Command:/usr/bin/make "cmTryCompileExec/fast"
/usr/bin/make -f CMakeFiles/cmTryCompileExec.dir/build.make CMakeFiles/cmTryCompileExec.dir/build
/opt/local/bin/cmake -E cmake_progress_report /Users/brainiac/Development/ShowEQ-5.13.1.0/CMakeFiles/CMakeTmp/CMakeFiles 1
Building C object CMakeFiles/cmTryCompileExec.dir/CheckSymbolExists.c.o
/usr/bin/gcc   -F/usr/local/Trolltech/Qt-4.4.3/lib -I/usr/local/Trolltech/Qt-4.4.3/include   -o CMakeFiles/cmTryCompileExec.dir/CheckSymbolExists.c.o   -c /Users/brainiac/Development/ShowEQ-5.13.1.0/CMakeFiles/CMakeTmp/CheckSymbolExists.c
/Users/brainiac/Development/ShowEQ-5.13.1.0/CMakeFiles/CMakeTmp/CheckSymbolExists.c: In function ‘main’:
/Users/brainiac/Development/ShowEQ-5.13.1.0/CMakeFiles/CMakeTmp/CheckSymbolExists.c:8: error: ‘Q_WS_QWS’ undeclared (first use in this function)
/Users/brainiac/Development/ShowEQ-5.13.1.0/CMakeFiles/CMakeTmp/CheckSymbolExists.c:8: error: (Each undeclared identifier is reported only once
/Users/brainiac/Development/ShowEQ-5.13.1.0/CMakeFiles/CMakeTmp/CheckSymbolExists.c:8: error: for each function it appears in.)
make[1]: *** [CMakeFiles/cmTryCompileExec.dir/CheckSymbolExists.c.o] Error 1
make: *** [cmTryCompileExec/fast] Error 2

File /Users/brainiac/Development/ShowEQ-5.13.1.0/CMakeFiles/CMakeTmp/CheckSymbolExists.c:
/* */
#include <QtCore/qglobal.h>

void cmakeRequireSymbol(int dummy,...){(void)dummy;}
int main()
{
#ifndef Q_WS_QWS
  cmakeRequireSymbol(0,&Q_WS_QWS);
#endif
  return 0;
}

Determining if the function strnlen exists failed with the following output:
Change Dir: /Users/brainiac/Development/ShowEQ-5.13.1.0/CMakeFiles/CMakeTmp

Run Build Command:/usr/bin/make "cmTryCompileExec/fast"
/usr/bin/make -f CMakeFiles/cmTryCompileExec.dir/build.make CMakeFiles/cmTryCompileExec.dir/build
/opt/local/bin/cmake -E cmake_progress_report /Users/brainiac/Development/ShowEQ-5.13.1.0/CMakeFiles/CMakeTmp/CMakeFiles 1
Building C object CMakeFiles/cmTryCompileExec.dir/CheckFunctionExists.c.o
/usr/bin/gcc   -DCHECK_FUNCTION_EXISTS=strnlen   -o CMakeFiles/cmTryCompileExec.dir/CheckFunctionExists.c.o   -c /opt/local/share/cmake-2.6/Modules/CheckFunctionExists.c
Linking C executable cmTryCompileExec
/opt/local/bin/cmake -E cmake_link_script CMakeFiles/cmTryCompileExec.dir/link.txt --verbose=1
/usr/bin/gcc     -DCHECK_FUNCTION_EXISTS=strnlen -Wl,-search_paths_first -headerpad_max_install_names -fPIC CMakeFiles/cmTryCompileExec.dir/CheckFunctionExists.c.o  -o cmTryCompileExec  
Undefined symbols:
  "_strnlen", referenced from:
      _main in CheckFunctionExists.c.o
ld: symbol(s) not found
collect2: ld returned 1 exit status
make[1]: *** [cmTryCompileExec] Error 1
make: *** [cmTryCompileExec/fast] Error 2


Determining if the Q_WS_X11 exist failed with the following output:
Change Dir: /Users/brainiac/Development/ShowEQ-5.13.1.0/CMakeFiles/CMakeTmp

Run Build Command:/usr/bin/make "cmTryCompileExec/fast"
/usr/bin/make -f CMakeFiles/cmTryCompileExec.dir/build.make CMakeFiles/cmTryCompileExec.dir/build
/opt/local/bin/cmake -E cmake_progress_report /Users/brainiac/Development/ShowEQ-5.13.1.0/CMakeFiles/CMakeTmp/CMakeFiles 1
Building C object CMakeFiles/cmTryCompileExec.dir/CheckSymbolExists.c.o
/usr/bin/gcc   -F/usr/local/Trolltech/Qt-4.4.3/lib -I/usr/local/Trolltech/Qt-4.4.3/include   -o CMakeFiles/cmTryCompileExec.dir/CheckSymbolExists.c.o   -c /Users/brainiac/Development/ShowEQ-5.13.1.0/CMakeFiles/CMakeTmp/CheckSymbolExists.c
/Users/brainiac/Development/ShowEQ-5.13.1.0/CMakeFiles/CMakeTmp/CheckSymbolExists.c: In function ‘main’:
/Users/brainiac/Development/ShowEQ-5.13.1.0/CMakeFiles/CMakeTmp/CheckSymbolExists.c:8: error: ‘Q_WS_X11’ undeclared (first use in this function)
/Users/brainiac/Development/ShowEQ-5.13.1.0/CMakeFiles/CMakeTmp/CheckSymbolExists.c:8: error: (Each undeclared identifier is reported only once
/Users/brainiac/Development/ShowEQ-5.13.1.0/CMakeFiles/CMakeTmp/CheckSymbolExists.c:8: error: for each function it appears in.)
make[1]: *** [CMakeFiles/cmTryCompileExec.dir/CheckSymbolExists.c.o] Error 1
make: *** [cmTryCompileExec/fast] Error 2

File /Users/brainiac/Development/ShowEQ-5.13.1.0/CMakeFiles/CMakeTmp/CheckSymbolExists.c:
/* */
#include <QtCore/qglobal.h>

void cmakeRequireSymbol(int dummy,...){(void)dummy;}
int main()
{
#ifndef Q_WS_X11
  cmakeRequireSymbol(0,&Q_WS_X11);
#endif
  return 0;
}

Determining if the Q_WS_WIN exist failed with the following output:
Change Dir: /Users/brainiac/Development/ShowEQ-5.13.1.0/CMakeFiles/CMakeTmp

Run Build Command:/usr/bin/make "cmTryCompileExec/fast"
/usr/bin/make -f CMakeFiles/cmTryCompileExec.dir/build.make CMakeFiles/cmTryCompileExec.dir/build
/opt/local/bin/cmake -E cmake_progress_report /Users/brainiac/Development/ShowEQ-5.13.1.0/CMakeFiles/CMakeTmp/CMakeFiles 1
Building C object CMakeFiles/cmTryCompileExec.dir/CheckSymbolExists.c.o
/usr/bin/gcc   -F/usr/local/Trolltech/Qt-4.4.3/lib -I/usr/local/Trolltech/Qt-4.4.3/include   -o CMakeFiles/cmTryCompileExec.dir/CheckSymbolExists.c.o   -c /Users/brainiac/Development/ShowEQ-5.13.1.0/CMakeFiles/CMakeTmp/CheckSymbolExists.c
/Users/brainiac/Development/ShowEQ-5.13.1.0/CMakeFiles/CMakeTmp/CheckSymbolExists.c: In function ‘main’:
/Users/brainiac/Development/ShowEQ-5.13.1.0/CMakeFiles/CMakeTmp/CheckSymbolExists.c:8: error: ‘Q_WS_WIN’ undeclared (first use in this function)
/Users/brainiac/Development/ShowEQ-5.13.1.0/CMakeFiles/CMakeTmp/CheckSymbolExists.c:8: error: (Each undeclared identifier is reported only once
/Users/brainiac/Development/ShowEQ-5.13.1.0/CMakeFiles/CMakeTmp/CheckSymbolExists.c:8: error: for each function it appears in.)
make[1]: *** [CMakeFiles/cmTryCompileExec.dir/CheckSymbolExists.c.o] Error 1
make: *** [cmTryCompileExec/fast] Error 2

File /Users/brainiac/Development/ShowEQ-5.13.1.0/CMakeFiles/CMakeTmp/CheckSymbolExists.c:
/* */
#include <QtCore/qglobal.h>

void cmakeRequireSymbol(int dummy,...){(void)dummy;}
int main()
{
#ifndef Q_WS_WIN
  cmakeRequireSymbol(0,&Q_WS_WIN);
#endif
  return 0;
}

Determining if the Q_WS_QWS exist failed with the following output:
Change Dir: /Users/brainiac/Development/ShowEQ-5.13.1.0/CMakeFiles/CMakeTmp

Run Build Command:/usr/bin/make "cmTryCompileExec/fast"
/usr/bin/make -f CMakeFiles/cmTryCompileExec.dir/build.make CMakeFiles/cmTryCompileExec.dir/build
/opt/local/bin/cmake -E cmake_progress_report /Users/brainiac/Development/ShowEQ-5.13.1.0/CMakeFiles/CMakeTmp/CMakeFiles 1
Building C object CMakeFiles/cmTryCompileExec.dir/CheckSymbolExists.c.o
/usr/bin/gcc   -F/usr/local/Trolltech/Qt-4.4.3/lib -I/usr/local/Trolltech/Qt-4.4.3/include   -o CMakeFiles/cmTryCompileExec.dir/CheckSymbolExists.c.o   -c /Users/brainiac/Development/ShowEQ-5.13.1.0/CMakeFiles/CMakeTmp/CheckSymbolExists.c
/Users/brainiac/Development/ShowEQ-5.13.1.0/CMakeFiles/CMakeTmp/CheckSymbolExists.c: In function ‘main’:
/Users/brainiac/Development/ShowEQ-5.13.1.0/CMakeFiles/CMakeTmp/CheckSymbolExists.c:8: error: ‘Q_WS_QWS’ undeclared (first use in this function)
/Users/brainiac/Development/ShowEQ-5.13.1.0/CMakeFiles/CMakeTmp/CheckSymbolExists.c:8: error: (Each undeclared identifier is reported only once
/Users/brainiac/Development/ShowEQ-5.13.1.0/CMakeFiles/CMakeTmp/CheckSymbolExists.c:8: error: for each function it appears in.)
make[1]: *** [CMakeFiles/cmTryCompileExec.dir/CheckSymbolExists.c.o] Error 1
make: *** [cmTryCompileExec/fast] Error 2

File /Users/brainiac/Development/ShowEQ-5.13.1.0/CMakeFiles/CMakeTmp/CheckSymbolExists.c:
/* */
#include <QtCore/qglobal.h>

void cmakeRequireSymbol(int dummy,...){(void)dummy;}
int main()
{
#ifndef Q_WS_QWS
  cmakeRequireSymbol(0,&Q_WS_QWS);
#endif
  return 0;
}

Determining if the function strnlen exists failed with the following output:
Change Dir: /Users/brainiac/Development/ShowEQ-5.13.1.0/CMakeFiles/CMakeTmp

Run Build Command:/usr/bin/make "cmTryCompileExec/fast"
/usr/bin/make -f CMakeFiles/cmTryCompileExec.dir/build.make CMakeFiles/cmTryCompileExec.dir/build
/opt/local/bin/cmake -E cmake_progress_report /Users/brainiac/Development/ShowEQ-5.13.1.0/CMakeFiles/CMakeTmp/CMakeFiles 1
Building C object CMakeFiles/cmTryCompileExec.dir/CheckFunctionExists.c.o
/usr/bin/gcc   -DCHECK_FUNCTION_EXISTS=strnlen   -o CMakeFiles/cmTryCompileExec.dir/CheckFunctionExists.c.o   -c /opt/local/share/cmake-2.6/Modules/CheckFunctionExists.c
Linking C executable cmTryCompileExec
/opt/local/bin/cmake -E cmake_link_script CMakeFiles/cmTryCompileExec.dir/link.txt --verbose=1
/usr/bin/gcc     -DCHECK_FUNCTION_EXISTS=strnlen -Wl,-search_paths_first -headerpad_max_install_names -fPIC CMakeFiles/cmTryCompileExec.dir/CheckFunctionExists.c.o  -o cmTryCompileExec  
Undefined symbols:
  "_strnlen", referenced from:
      _main in CheckFunctionExists.c.o
ld: symbol(s) not found
collect2: ld returned 1 exit status
make[1]: *** [cmTryCompileExec] Error 1
make: *** [cmTryCompileExec/fast] Error 2


Determining if the Q_WS_X11 exist failed with the following output:
Change Dir: /Users/brainiac/Development/ShowEQ-5.13.1.0/CMakeFiles/CMakeTmp

Run Build Command:/usr/bin/make "cmTryCompileExec/fast"
/usr/bin/make -f CMakeFiles/cmTryCompileExec.dir/build.make CMakeFiles/cmTryCompileExec.dir/build
/opt/local/bin/cmake -E cmake_progress_report /Users/brainiac/Development/ShowEQ-5.13.1.0/CMakeFiles/CMakeTmp/CMakeFiles 1
Building C object CMakeFiles/cmTryCompileExec.dir/CheckSymbolExists.c.o
/usr/bin/gcc   -F/usr/local/Trolltech/Qt-4.4.3/lib -I/usr/local/Trolltech/Qt-4.4.3/include   -o CMakeFiles/cmTryCompileExec.dir/CheckSymbolExists.c.o   -c /Users/brainiac/Development/ShowEQ-5.13.1.0/CMakeFiles/CMakeTmp/CheckSymbolExists.c
/Users/brainiac/Development/ShowEQ-5.13.1.0/CMakeFiles/CMakeTmp/CheckSymbolExists.c: In function ‘main’:
/Users/brainiac/Development/ShowEQ-5.13.1.0/CMakeFiles/CMakeTmp/CheckSymbolExists.c:8: error: ‘Q_WS_X11’ undeclared (first use in this function)
/Users/brainiac/Development/ShowEQ-5.13.1.0/CMakeFiles/CMakeTmp/CheckSymbolExists.c:8: error: (Each undeclared identifier is reported only once
/Users/brainiac/Development/ShowEQ-5.13.1.0/CMakeFiles/CMakeTmp/CheckSymbolExists.c:8: error: for each function it appears in.)
make[1]: *** [CMakeFiles/cmTryCompileExec.dir/CheckSymbolExists.c.o] Error 1
make: *** [cmTryCompileExec/fast] Error 2

File /Users/brainiac/Development/ShowEQ-5.13.1.0/CMakeFiles/CMakeTmp/CheckSymbolExists.c:
/* */
#include <QtCore/qglobal.h>

void cmakeRequireSymbol(int dummy,...){(void)dummy;}
int main()
{
#ifndef Q_WS_X11
  cmakeRequireSymbol(0,&Q_WS_X11);
#endif
  return 0;
}

Determining if the Q_WS_WIN exist failed with the following output:
Change Dir: /Users/brainiac/Development/ShowEQ-5.13.1.0/CMakeFiles/CMakeTmp

Run Build Command:/usr/bin/make "cmTryCompileExec/fast"
/usr/bin/make -f CMakeFiles/cmTryCompileExec.dir/build.make CMakeFiles/cmTryCompileExec.dir/build
/opt/local/bin/cmake -E cmake_progress_report /Users/brainiac/Development/ShowEQ-5.13.1.0/CMakeFiles/CMakeTmp/CMakeFiles 1
Building C object CMakeFiles/cmTryCompileExec.dir/CheckSymbolExists.c.o
/usr/bin/gcc   -F/usr/local/Trolltech/Qt-4.4.3/lib -I/usr/local/Trolltech/Qt-4.4.3/include   -o CMakeFiles/cmTryCompileExec.dir/CheckSymbolExists.c.o   -c /Users/brainiac/Development/ShowEQ-5.13.1.0/CMakeFiles/CMakeTmp/CheckSymbolExists.c
/Users/brainiac/Development/ShowEQ-5.13.1.0/CMakeFiles/CMakeTmp/CheckSymbolExists.c: In function ‘main’:
/Users/brainiac/Development/ShowEQ-5.13.1.0/CMakeFiles/CMakeTmp/CheckSymbolExists.c:8: error: ‘Q_WS_WIN’ undeclared (first use in this function)
/Users/brainiac/Development/ShowEQ-5.13.1.0/CMakeFiles/CMakeTmp/CheckSymbolExists.c:8: error: (Each undeclared identifier is reported only once
/Users/brainiac/Development/ShowEQ-5.13.1.0/CMakeFiles/CMakeTmp/CheckSymbolExists.c:8: error: for each function it appears in.)
make[1]: *** [CMakeFiles/cmTryCompileExec.dir/CheckSymbolExists.c.o] Error 1
make: *** [cmTryCompileExec/fast] Error 2

File /Users/brainiac/Development/ShowEQ-5.13.1.0/CMakeFiles/CMakeTmp/CheckSymbolExists.c:
/* */
#include <QtCore/qglobal.h>

void cmakeRequireSymbol(int dummy,...){(void)dummy;}
int main()
{
#ifndef Q_WS_WIN
  cmakeRequireSymbol(0,&Q_WS_WIN);
#endif
  return 0;
}

Determining if the Q_WS_QWS exist failed with the following output:
Change Dir: /Users/brainiac/Development/ShowEQ-5.13.1.0/CMakeFiles/CMakeTmp

Run Build Command:/usr/bin/make "cmTryCompileExec/fast"
/usr/bin/make -f CMakeFiles/cmTryCompileExec.dir/build.make CMakeFiles/cmTryCompileExec.dir/build
/opt/local/bin/cmake -E cmake_progress_report /Users/brainiac/Development/ShowEQ-5.13.1.0/CMakeFiles/CMakeTmp/CMakeFiles 1
Building C object CMakeFiles/cmTryCompileExec.dir/CheckSymbolExists.c.o
/usr/bin/gcc   -F/usr/local/Trolltech/Qt-4.4.3/lib -I/usr/local/Trolltech/Qt-4.4.3/include   -o CMakeFiles/cmTryCompileExec.dir/CheckSymbolExists.c.o   -c /Users/brainiac/Development/ShowEQ-5.13.1.0/CMakeFiles/CMakeTmp/CheckSymbolExists.c
/Users/brainiac/Development/ShowEQ-5.13.1.0/CMakeFiles/CMakeTmp/CheckSymbolExists.c: In function ‘main’:
/Users/brainiac/Development/ShowEQ-5.13.1.0/CMakeFiles/CMakeTmp/CheckSymbolExists.c:8: error: ‘Q_WS_QWS’ undeclared (first use in this function)
/Users/brainiac/Development/ShowEQ-5.13.1.0/CMakeFiles/CMakeTmp/CheckSymbolExists.c:8: error: (Each undeclared identifier is reported only once
/Users/brainiac/Development/ShowEQ-5.13.1.0/CMakeFiles/CMakeTmp/CheckSymbolExists.c:8: error: for each function it appears in.)
make[1]: *** [CMakeFiles/cmTryCompileExec.dir/CheckSymbolExists.c.o] Error 1
make: *** [cmTryCompileExec/fast] Error 2

File /Users/brainiac/Development/ShowEQ-5.13.1.0/CMakeFiles/CMakeTmp/CheckSymbolExists.c:
/* */
#include <QtCore/qglobal.h>

void cmakeRequireSymbol(int dummy,...){(void)dummy;}
int main()
{
#ifndef Q_WS_QWS
  cmakeRequireSymbol(0,&Q_WS_QWS);
#endif
  return 0;
}

Determining if the function strnlen exists failed with the following output:
Change Dir: /Users/brainiac/Development/ShowEQ-5.13.1.0/CMakeFiles/CMakeTmp

Run Build Command:/usr/bin/make "cmTryCompileExec/fast"
/usr/bin/make -f CMakeFiles/cmTryCompileExec.dir/build.make CMakeFiles/cmTryCompileExec.dir/build
/opt/local/bin/cmake -E cmake_progress_report /Users/brainiac/Development/ShowEQ-5.13.1.0/CMakeFiles/CMakeTmp/CMakeFiles 1
Building C object CMakeFiles/cmTryCompileExec.dir/CheckFunctionExists.c.o
/usr/bin/gcc   -DCHECK_FUNCTION_EXISTS=strnlen   -o CMakeFiles/cmTryCompileExec.dir/CheckFunctionExists.c.o   -c /opt/local/share/cmake-2.6/Modules/CheckFunctionExists.c
Linking C executable cmTryCompileExec
/opt/local/bin/cmake -E cmake_link_script CMakeFiles/cmTryCompileExec.dir/link.txt --verbose=1
/usr/bin/gcc     -DCHECK_FUNCTION_EXISTS=strnlen -Wl,-search_paths_first -headerpad_max_install_names -fPIC CMakeFiles/cmTryCompileExec.dir/CheckFunctionExists.c.o  -o cmTryCompileExec  
Undefined symbols:
  "_strnlen", referenced from:
      _main in CheckFunctionExists.c.o
ld: symbol(s) not found
collect2: ld returned 1 exit status
make[1]: *** [cmTryCompileExec] Error 1
make: *** [cmTryCompileExec/fast] Error 2


Determining if the Q_WS_X11 exist failed with the following output:
Change Dir: /Users/brainiac/Development/ShowEQ-5.13.1.0/CMakeFiles/CMakeTmp

Run Build Command:/opt/local/bin/cmakexbuild -project CMAKE_TRY_COMPILE.xcodeproj build -target cmTryCompileExec -configuration Debug
** BUILD FAILED **

The following build commands failed:
cmTryCompileExec:
	CompileC CMAKE_TRY_COMPILE.build/Debug/cmTryCompileExec.build/Objects-normal/i386/CheckSymbolExists.o /Users/brainiac/Development/ShowEQ-5.13.1.0/CMakeFiles/CMakeTmp/CheckSymbolExists.c normal i386 c com.apple.compilers.gcc.4_0
(1 failure)

=== BUILDING NATIVE TARGET cmTryCompileExec OF PROJECT CMAKE_TRY_COMPILE WITH CONFIGURATION Debug ===

Checking Dependencies...

PhaseScriptExecution /Users/brainiac/Development/ShowEQ-5.13.1.0/CMakeFiles/CMakeTmp/CMAKE_TRY_COMPILE.build/Debug/cmTryCompileExec.build/Script-6ED5906ED5906ED590000000.sh
    cd /Users/brainiac/Development/ShowEQ-5.13.1.0/CMakeFiles/CMakeTmp
    /bin/sh -c /Users/brainiac/Development/ShowEQ-5.13.1.0/CMakeFiles/CMakeTmp/CMAKE_TRY_COMPILE.build/Debug/cmTryCompileExec.build/Script-6ED5906ED5906ED590000000.sh
make: `CMakeFiles/cmake.check_cache' is up to date.

CompileC CMAKE_TRY_COMPILE.build/Debug/cmTryCompileExec.build/Objects-normal/i386/CheckSymbolExists.o /Users/brainiac/Development/ShowEQ-5.13.1.0/CMakeFiles/CMakeTmp/CheckSymbolExists.c normal i386 c com.apple.compilers.gcc.4_0
    cd /Users/brainiac/Development/ShowEQ-5.13.1.0/CMakeFiles/CMakeTmp
    /Developer/usr/bin/gcc-4.0 -x c -arch i386 -fmessage-length=0 -pipe -Wno-trigraphs -fpascal-strings -fasm-blocks -O0 -mdynamic-no-pic -DCMAKE_INTDIR="Debug" -gdwarf-2 -Wmost -Wno-four-char-constants -Wno-unknown-pragmas -F/Users/brainiac/Development/ShowEQ-5.13.1.0/CMakeFiles/CMakeTmp/Debug -I/Users/brainiac/Development/ShowEQ-5.13.1.0/CMakeFiles/CMakeTmp/Debug/include -I/usr/local/Trolltech/Qt-4.4.3/include -I/Users/brainiac/Development/ShowEQ-5.13.1.0/CMakeFiles/CMakeTmp/CMAKE_TRY_COMPILE.build/Debug/cmTryCompileExec.build/DerivedSources -F/usr/local/Trolltech/Qt-4.4.3/lib -c /Users/brainiac/Development/ShowEQ-5.13.1.0/CMakeFiles/CMakeTmp/CheckSymbolExists.c -o /Users/brainiac/Development/ShowEQ-5.13.1.0/CMakeFiles/CMakeTmp/CMAKE_TRY_COMPILE.build/Debug/cmTryCompileExec.build/Objects-normal/i386/CheckSymbolExists.o
/Users/brainiac/Development/ShowEQ-5.13.1.0/CMakeFiles/CMakeTmp/CheckSymbolExists.c: In function ‘main’:
/Users/brainiac/Development/ShowEQ-5.13.1.0/CMakeFiles/CMakeTmp/CheckSymbolExists.c:8: error: ‘Q_WS_X11’ undeclared (first use in this function)
/Users/brainiac/Development/ShowEQ-5.13.1.0/CMakeFiles/CMakeTmp/CheckSymbolExists.c:8: error: (Each undeclared identifier is reported only once
/Users/brainiac/Development/ShowEQ-5.13.1.0/CMakeFiles/CMakeTmp/CheckSymbolExists.c:8: error: for each function it appears in.)

PhaseScriptExecution /Users/brainiac/Development/ShowEQ-5.13.1.0/CMakeFiles/CMakeTmp/CMAKE_TRY_COMPILE.build/Debug/cmTryCompileExec.build/Script-6EDD206EDD206EDD20000000.sh
    cd /Users/brainiac/Development/ShowEQ-5.13.1.0/CMakeFiles/CMakeTmp
    /bin/sh -c /Users/brainiac/Development/ShowEQ-5.13.1.0/CMakeFiles/CMakeTmp/CMAKE_TRY_COMPILE.build/Debug/cmTryCompileExec.build/Script-6EDD206EDD206EDD20000000.sh
echo "Depend check for xcode"
Depend check for xcode
cd /Users/brainiac/Development/ShowEQ-5.13.1.0/CMakeFiles/CMakeTmp && make -C /Users/brainiac/Development/ShowEQ-5.13.1.0/CMakeFiles/CMakeTmp -f /Users/brainiac/Development/ShowEQ-5.13.1.0/CMakeFiles/CMakeTmp/CMakeScripts/XCODE_DEPEND_HELPER.make all.Debug
/bin/rm -f /Users/brainiac/Development/ShowEQ-5.13.1.0/CMakeFiles/CMakeTmp/Debug/cmTryCompileExec

File /Users/brainiac/Development/ShowEQ-5.13.1.0/CMakeFiles/CMakeTmp/CheckSymbolExists.c:
/* */
#include <QtCore/qglobal.h>

void cmakeRequireSymbol(int dummy,...){(void)dummy;}
int main()
{
#ifndef Q_WS_X11
  cmakeRequireSymbol(0,&Q_WS_X11);
#endif
  return 0;
}

Determining if the Q_WS_WIN exist failed with the following output:
Change Dir: /Users/brainiac/Development/ShowEQ-5.13.1.0/CMakeFiles/CMakeTmp

Run Build Command:/opt/local/bin/cmakexbuild -project CMAKE_TRY_COMPILE.xcodeproj build -target cmTryCompileExec -configuration Debug
** BUILD FAILED **

The following build commands failed:
cmTryCompileExec:
	CompileC CMAKE_TRY_COMPILE.build/Debug/cmTryCompileExec.build/Objects-normal/i386/CheckSymbolExists.o /Users/brainiac/Development/ShowEQ-5.13.1.0/CMakeFiles/CMakeTmp/CheckSymbolExists.c normal i386 c com.apple.compilers.gcc.4_0
(1 failure)

=== BUILDING NATIVE TARGET cmTryCompileExec OF PROJECT CMAKE_TRY_COMPILE WITH CONFIGURATION Debug ===

Checking Dependencies...

PhaseScriptExecution /Users/brainiac/Development/ShowEQ-5.13.1.0/CMakeFiles/CMakeTmp/CMAKE_TRY_COMPILE.build/Debug/cmTryCompileExec.build/Script-6EDD806EDD806EDD80000000.sh
    cd /Users/brainiac/Development/ShowEQ-5.13.1.0/CMakeFiles/CMakeTmp
    /bin/sh -c /Users/brainiac/Development/ShowEQ-5.13.1.0/CMakeFiles/CMakeTmp/CMAKE_TRY_COMPILE.build/Debug/cmTryCompileExec.build/Script-6EDD806EDD806EDD80000000.sh
make: `CMakeFiles/cmake.check_cache' is up to date.

CompileC CMAKE_TRY_COMPILE.build/Debug/cmTryCompileExec.build/Objects-normal/i386/CheckSymbolExists.o /Users/brainiac/Development/ShowEQ-5.13.1.0/CMakeFiles/CMakeTmp/CheckSymbolExists.c normal i386 c com.apple.compilers.gcc.4_0
    cd /Users/brainiac/Development/ShowEQ-5.13.1.0/CMakeFiles/CMakeTmp
    /Developer/usr/bin/gcc-4.0 -x c -arch i386 -fmessage-length=0 -pipe -Wno-trigraphs -fpascal-strings -fasm-blocks -O0 -mdynamic-no-pic -DCMAKE_INTDIR="Debug" -gdwarf-2 -Wmost -Wno-four-char-constants -Wno-unknown-pragmas -F/Users/brainiac/Development/ShowEQ-5.13.1.0/CMakeFiles/CMakeTmp/Debug -I/Users/brainiac/Development/ShowEQ-5.13.1.0/CMakeFiles/CMakeTmp/Debug/include -I/usr/local/Trolltech/Qt-4.4.3/include -I/Users/brainiac/Development/ShowEQ-5.13.1.0/CMakeFiles/CMakeTmp/CMAKE_TRY_COMPILE.build/Debug/cmTryCompileExec.build/DerivedSources -F/usr/local/Trolltech/Qt-4.4.3/lib -c /Users/brainiac/Development/ShowEQ-5.13.1.0/CMakeFiles/CMakeTmp/CheckSymbolExists.c -o /Users/brainiac/Development/ShowEQ-5.13.1.0/CMakeFiles/CMakeTmp/CMAKE_TRY_COMPILE.build/Debug/cmTryCompileExec.build/Objects-normal/i386/CheckSymbolExists.o
/Users/brainiac/Development/ShowEQ-5.13.1.0/CMakeFiles/CMakeTmp/CheckSymbolExists.c: In function ‘main’:
/Users/brainiac/Development/ShowEQ-5.13.1.0/CMakeFiles/CMakeTmp/CheckSymbolExists.c:8: error: ‘Q_WS_WIN’ undeclared (first use in this function)
/Users/brainiac/Development/ShowEQ-5.13.1.0/CMakeFiles/CMakeTmp/CheckSymbolExists.c:8: error: (Each undeclared identifier is reported only once
/Users/brainiac/Development/ShowEQ-5.13.1.0/CMakeFiles/CMakeTmp/CheckSymbolExists.c:8: error: for each function it appears in.)

PhaseScriptExecution /Users/brainiac/Development/ShowEQ-5.13.1.0/CMakeFiles/CMakeTmp/CMAKE_TRY_COMPILE.build/Debug/cmTryCompileExec.build/Script-6EE5906EE5906EE590000000.sh
    cd /Users/brainiac/Development/ShowEQ-5.13.1.0/CMakeFiles/CMakeTmp
    /bin/sh -c /Users/brainiac/Development/ShowEQ-5.13.1.0/CMakeFiles/CMakeTmp/CMAKE_TRY_COMPILE.build/Debug/cmTryCompileExec.build/Script-6EE5906EE5906EE590000000.sh
echo "Depend check for xcode"
Depend check for xcode
cd /Users/brainiac/Development/ShowEQ-5.13.1.0/CMakeFiles/CMakeTmp && make -C /Users/brainiac/Development/ShowEQ-5.13.1.0/CMakeFiles/CMakeTmp -f /Users/brainiac/Development/ShowEQ-5.13.1.0/CMakeFiles/CMakeTmp/CMakeScripts/XCODE_DEPEND_HELPER.make all.Debug
/bin/rm -f /Users/brainiac/Development/ShowEQ-5.13.1.0/CMakeFiles/CMakeTmp/Debug/cmTryCompileExec

File /Users/brainiac/Development/ShowEQ-5.13.1.0/CMakeFiles/CMakeTmp/CheckSymbolExists.c:
/* */
#include <QtCore/qglobal.h>

void cmakeRequireSymbol(int dummy,...){(void)dummy;}
int main()
{
#ifndef Q_WS_WIN
  cmakeRequireSymbol(0,&Q_WS_WIN);
#endif
  return 0;
}

Determining if the Q_WS_QWS exist failed with the following output:
Change Dir: /Users/brainiac/Development/ShowEQ-5.13.1.0/CMakeFiles/CMakeTmp

Run Build Command:/opt/local/bin/cmakexbuild -project CMAKE_TRY_COMPILE.xcodeproj build -target cmTryCompileExec -configuration Debug
** BUILD FAILED **

The following build commands failed:
cmTryCompileExec:
	CompileC CMAKE_TRY_COMPILE.build/Debug/cmTryCompileExec.build/Objects-normal/i386/CheckSymbolExists.o /Users/brainiac/Development/ShowEQ-5.13.1.0/CMakeFiles/CMakeTmp/CheckSymbolExists.c normal i386 c com.apple.compilers.gcc.4_0
(1 failure)

=== BUILDING NATIVE TARGET cmTryCompileExec OF PROJECT CMAKE_TRY_COMPILE WITH CONFIGURATION Debug ===

Checking Dependencies...

PhaseScriptExecution /Users/brainiac/Development/ShowEQ-5.13.1.0/CMakeFiles/CMakeTmp/CMAKE_TRY_COMPILE.build/Debug/cmTryCompileExec.build/Script-6EE8706EE8706EE870000000.sh
    cd /Users/brainiac/Development/ShowEQ-5.13.1.0/CMakeFiles/CMakeTmp
    /bin/sh -c /Users/brainiac/Development/ShowEQ-5.13.1.0/CMakeFiles/CMakeTmp/CMAKE_TRY_COMPILE.build/Debug/cmTryCompileExec.build/Script-6EE8706EE8706EE870000000.sh
make: `CMakeFiles/cmake.check_cache' is up to date.

CompileC CMAKE_TRY_COMPILE.build/Debug/cmTryCompileExec.build/Objects-normal/i386/CheckSymbolExists.o /Users/brainiac/Development/ShowEQ-5.13.1.0/CMakeFiles/CMakeTmp/CheckSymbolExists.c normal i386 c com.apple.compilers.gcc.4_0
    cd /Users/brainiac/Development/ShowEQ-5.13.1.0/CMakeFiles/CMakeTmp
    /Developer/usr/bin/gcc-4.0 -x c -arch i386 -fmessage-length=0 -pipe -Wno-trigraphs -fpascal-strings -fasm-blocks -O0 -mdynamic-no-pic -DCMAKE_INTDIR="Debug" -gdwarf-2 -Wmost -Wno-four-char-constants -Wno-unknown-pragmas -F/Users/brainiac/Development/ShowEQ-5.13.1.0/CMakeFiles/CMakeTmp/Debug -I/Users/brainiac/Development/ShowEQ-5.13.1.0/CMakeFiles/CMakeTmp/Debug/include -I/usr/local/Trolltech/Qt-4.4.3/include -I/Users/brainiac/Development/ShowEQ-5.13.1.0/CMakeFiles/CMakeTmp/CMAKE_TRY_COMPILE.build/Debug/cmTryCompileExec.build/DerivedSources -F/usr/local/Trolltech/Qt-4.4.3/lib -c /Users/brainiac/Development/ShowEQ-5.13.1.0/CMakeFiles/CMakeTmp/CheckSymbolExists.c -o /Users/brainiac/Development/ShowEQ-5.13.1.0/CMakeFiles/CMakeTmp/CMAKE_TRY_COMPILE.build/Debug/cmTryCompileExec.build/Objects-normal/i386/CheckSymbolExists.o
/Users/brainiac/Development/ShowEQ-5.13.1.0/CMakeFiles/CMakeTmp/CheckSymbolExists.c: In function ‘main’:
/Users/brainiac/Development/ShowEQ-5.13.1.0/CMakeFiles/CMakeTmp/CheckSymbolExists.c:8: error: ‘Q_WS_QWS’ undeclared (first use in this function)
/Users/brainiac/Development/ShowEQ-5.13.1.0/CMakeFiles/CMakeTmp/CheckSymbolExists.c:8: error: (Each undeclared identifier is reported only once
/Users/brainiac/Development/ShowEQ-5.13.1.0/CMakeFiles/CMakeTmp/CheckSymbolExists.c:8: error: for each function it appears in.)

PhaseScriptExecution /Users/brainiac/Development/ShowEQ-5.13.1.0/CMakeFiles/CMakeTmp/CMAKE_TRY_COMPILE.build/Debug/cmTryCompileExec.build/Script-6EF0806EF0806EF080000000.sh
    cd /Users/brainiac/Development/ShowEQ-5.13.1.0/CMakeFiles/CMakeTmp
    /bin/sh -c /Users/brainiac/Development/ShowEQ-5.13.1.0/CMakeFiles/CMakeTmp/CMAKE_TRY_COMPILE.build/Debug/cmTryCompileExec.build/Script-6EF0806EF0806EF080000000.sh
echo "Depend check for xcode"
Depend check for xcode
cd /Users/brainiac/Development/ShowEQ-5.13.1.0/CMakeFiles/CMakeTmp && make -C /Users/brainiac/Development/ShowEQ-5.13.1.0/CMakeFiles/CMakeTmp -f /Users/brainiac/Development/ShowEQ-5.13.1.0/CMakeFiles/CMakeTmp/CMakeScripts/XCODE_DEPEND_HELPER.make all.Debug
/bin/rm -f /Users/brainiac/Development/ShowEQ-5.13.1.0/CMakeFiles/CMakeTmp/Debug/cmTryCompileExec

File /Users/brainiac/Development/ShowEQ-5.13.1.0/CMakeFiles/CMakeTmp/CheckSymbolExists.c:
/* */
#include <QtCore/qglobal.h>

void cmakeRequireSymbol(int dummy,...){(void)dummy;}
int main()
{
#ifndef Q_WS_QWS
  cmakeRequireSymbol(0,&Q_WS_QWS);
#endif
  return 0;
}

Determining if the function strnlen exists failed with the following output:
Change Dir: /Users/brainiac/Development/ShowEQ-5.13.1.0/CMakeFiles/CMakeTmp

Run Build Command:/opt/local/bin/cmakexbuild -project CMAKE_TRY_COMPILE.xcodeproj build -target cmTryCompileExec -configuration Debug
** BUILD FAILED **

The following build commands failed:
cmTryCompileExec:
	Ld /Users/brainiac/Development/ShowEQ-5.13.1.0/CMakeFiles/CMakeTmp/Debug/cmTryCompileExec normal i386
(1 failure)

=== BUILDING NATIVE TARGET cmTryCompileExec OF PROJECT CMAKE_TRY_COMPILE WITH CONFIGURATION Debug ===

Checking Dependencies...

PhaseScriptExecution /Users/brainiac/Development/ShowEQ-5.13.1.0/CMakeFiles/CMakeTmp/CMAKE_TRY_COMPILE.build/Debug/cmTryCompileExec.build/Script-1000A001000A001000A00000.sh
    cd /Users/brainiac/Development/ShowEQ-5.13.1.0/CMakeFiles/CMakeTmp
    /bin/sh -c /Users/brainiac/Development/ShowEQ-5.13.1.0/CMakeFiles/CMakeTmp/CMAKE_TRY_COMPILE.build/Debug/cmTryCompileExec.build/Script-1000A001000A001000A00000.sh
make: `CMakeFiles/cmake.check_cache' is up to date.

CompileC CMAKE_TRY_COMPILE.build/Debug/cmTryCompileExec.build/Objects-normal/i386/CheckFunctionExists.o /opt/local/share/cmake-2.6/Modules/CheckFunctionExists.c normal i386 c com.apple.compilers.gcc.4_0
    cd /Users/brainiac/Development/ShowEQ-5.13.1.0/CMakeFiles/CMakeTmp
    /Developer/usr/bin/gcc-4.0 -x c -arch i386 -fmessage-length=0 -pipe -Wno-trigraphs -fpascal-strings -fasm-blocks -O0 -mdynamic-no-pic -DCMAKE_INTDIR="Debug" -gdwarf-2 -Wmost -Wno-four-char-constants -Wno-unknown-pragmas -F/Users/brainiac/Development/ShowEQ-5.13.1.0/CMakeFiles/CMakeTmp/Debug -I/Users/brainiac/Development/ShowEQ-5.13.1.0/CMakeFiles/CMakeTmp/Debug/include -I/Users/brainiac/Development/ShowEQ-5.13.1.0/CMakeFiles/CMakeTmp/CMAKE_TRY_COMPILE.build/Debug/cmTryCompileExec.build/DerivedSources -DCHECK_FUNCTION_EXISTS=strnlen -c /opt/local/share/cmake-2.6/Modules/CheckFunctionExists.c -o /Users/brainiac/Development/ShowEQ-5.13.1.0/CMakeFiles/CMakeTmp/CMAKE_TRY_COMPILE.build/Debug/cmTryCompileExec.build/Objects-normal/i386/CheckFunctionExists.o

Ld /Users/brainiac/Development/ShowEQ-5.13.1.0/CMakeFiles/CMakeTmp/Debug/cmTryCompileExec normal i386
    cd /Users/brainiac/Development/ShowEQ-5.13.1.0/CMakeFiles/CMakeTmp
    /Developer/usr/bin/gcc-4.0 -arch i386 -L/Users/brainiac/Development/ShowEQ-5.13.1.0/CMakeFiles/CMakeTmp/Debug -F/Users/brainiac/Development/ShowEQ-5.13.1.0/CMakeFiles/CMakeTmp/Debug -filelist /Users/brainiac/Development/ShowEQ-5.13.1.0/CMakeFiles/CMakeTmp/CMAKE_TRY_COMPILE.build/Debug/cmTryCompileExec.build/Objects-normal/i386/cmTryCompileExec.LinkFileList -Wl,-search_paths_first -headerpad_max_install_names -o /Users/brainiac/Development/ShowEQ-5.13.1.0/CMakeFiles/CMakeTmp/Debug/cmTryCompileExec
Undefined symbols:
  "_strnlen", referenced from:
      _main in CheckFunctionExists.o
ld: symbol(s) not found
collect2: ld returned 1 exit status

PhaseScriptExecution /Users/brainiac/Development/ShowEQ-5.13.1.0/CMakeFiles/CMakeTmp/CMAKE_TRY_COMPILE.build/Debug/cmTryCompileExec.build/Script-100121010012101001210000.sh
    cd /Users/brainiac/Development/ShowEQ-5.13.1.0/CMakeFiles/CMakeTmp
    /bin/sh -c /Users/brainiac/Development/ShowEQ-5.13.1.0/CMakeFiles/CMakeTmp/CMAKE_TRY_COMPILE.build/Debug/cmTryCompileExec.build/Script-100121010012101001210000.sh
echo "Depend check for xcode"
Depend check for xcode
cd /Users/brainiac/Development/ShowEQ-5.13.1.0/CMakeFiles/CMakeTmp && make -C /Users/brainiac/Development/ShowEQ-5.13.1.0/CMakeFiles/CMakeTmp -f /Users/brainiac/Development/ShowEQ-5.13.1.0/CMakeFiles/CMakeTmp/CMakeScripts/XCODE_DEPEND_HELPER.make all.Debug
/bin/rm -f /Users/brainiac/Development/ShowEQ-5.13.1.0/CMakeFiles/CMakeTmp/Debug/cmTryCompileExec


Determining if the Q_WS_X11 exist failed with the following output:
Change Dir: /Users/brainiac/Development/ShowEQ-5.13.1.0/CMakeFiles/CMakeTmp

Run Build Command:/usr/bin/make "cmTryCompileExec/fast"
/usr/bin/make -f CMakeFiles/cmTryCompileExec.dir/build.make CMakeFiles/cmTryCompileExec.dir/build
/opt/local/bin/cmake -E cmake_progress_report /Users/brainiac/Development/ShowEQ-5.13.1.0/CMakeFiles/CMakeTmp/CMakeFiles 1
Building C object CMakeFiles/cmTryCompileExec.dir/CheckSymbolExists.c.o
/usr/bin/gcc   -F/usr/local/Trolltech/Qt-4.4.3/lib -I/usr/local/Trolltech/Qt-4.4.3/include   -o CMakeFiles/cmTryCompileExec.dir/CheckSymbolExists.c.o   -c /Users/brainiac/Development/ShowEQ-5.13.1.0/CMakeFiles/CMakeTmp/CheckSymbolExists.c
/Users/brainiac/Development/ShowEQ-5.13.1.0/CMakeFiles/CMakeTmp/CheckSymbolExists.c: In function ‘main’:
/Users/brainiac/Development/ShowEQ-5.13.1.0/CMakeFiles/CMakeTmp/CheckSymbolExists.c:8: error: ‘Q_WS_X11’ undeclared (first use in this function)
/Users/brainiac/Development/ShowEQ-5.13.1.0/CMakeFiles/CMakeTmp/CheckSymbolExists.c:8: error: (Each undeclared identifier is reported only once
/Users/brainiac/Development/ShowEQ-5.13.1.0/CMakeFiles/CMakeTmp/CheckSymbolExists.c:8: error: for each function it appears in.)
make[1]: *** [CMakeFiles/cmTryCompileExec.dir/CheckSymbolExists.c.o] Error 1
make: *** [cmTryCompileExec/fast] Error 2

File /Users/brainiac/Development/ShowEQ-5.13.1.0/CMakeFiles/CMakeTmp/CheckSymbolExists.c:
/* */
#include <QtCore/qglobal.h>

void cmakeRequireSymbol(int dummy,...){(void)dummy;}
int main()
{
#ifndef Q_WS_X11
  cmakeRequireSymbol(0,&Q_WS_X11);
#endif
  return 0;
}

Determining if the Q_WS_WIN exist failed with the following output:
Change Dir: /Users/brainiac/Development/ShowEQ-5.13.1.0/CMakeFiles/CMakeTmp

Run Build Command:/usr/bin/make "cmTryCompileExec/fast"
/usr/bin/make -f CMakeFiles/cmTryCompileExec.dir/build.make CMakeFiles/cmTryCompileExec.dir/build
/opt/local/bin/cmake -E cmake_progress_report /Users/brainiac/Development/ShowEQ-5.13.1.0/CMakeFiles/CMakeTmp/CMakeFiles 1
Building C object CMakeFiles/cmTryCompileExec.dir/CheckSymbolExists.c.o
/usr/bin/gcc   -F/usr/local/Trolltech/Qt-4.4.3/lib -I/usr/local/Trolltech/Qt-4.4.3/include   -o CMakeFiles/cmTryCompileExec.dir/CheckSymbolExists.c.o   -c /Users/brainiac/Development/ShowEQ-5.13.1.0/CMakeFiles/CMakeTmp/CheckSymbolExists.c
/Users/brainiac/Development/ShowEQ-5.13.1.0/CMakeFiles/CMakeTmp/CheckSymbolExists.c: In function ‘main’:
/Users/brainiac/Development/ShowEQ-5.13.1.0/CMakeFiles/CMakeTmp/CheckSymbolExists.c:8: error: ‘Q_WS_WIN’ undeclared (first use in this function)
/Users/brainiac/Development/ShowEQ-5.13.1.0/CMakeFiles/CMakeTmp/CheckSymbolExists.c:8: error: (Each undeclared identifier is reported only once
/Users/brainiac/Development/ShowEQ-5.13.1.0/CMakeFiles/CMakeTmp/CheckSymbolExists.c:8: error: for each function it appears in.)
make[1]: *** [CMakeFiles/cmTryCompileExec.dir/CheckSymbolExists.c.o] Error 1
make: *** [cmTryCompileExec/fast] Error 2

File /Users/brainiac/Development/ShowEQ-5.13.1.0/CMakeFiles/CMakeTmp/CheckSymbolExists.c:
/* */
#include <QtCore/qglobal.h>

void cmakeRequireSymbol(int dummy,...){(void)dummy;}
int main()
{
#ifndef Q_WS_WIN
  cmakeRequireSymbol(0,&Q_WS_WIN);
#endif
  return 0;
}

Determining if the Q_WS_QWS exist failed with the following output:
Change Dir: /Users/brainiac/Development/ShowEQ-5.13.1.0/CMakeFiles/CMakeTmp

Run Build Command:/usr/bin/make "cmTryCompileExec/fast"
/usr/bin/make -f CMakeFiles/cmTryCompileExec.dir/build.make CMakeFiles/cmTryCompileExec.dir/build
/opt/local/bin/cmake -E cmake_progress_report /Users/brainiac/Development/ShowEQ-5.13.1.0/CMakeFiles/CMakeTmp/CMakeFiles 1
Building C object CMakeFiles/cmTryCompileExec.dir/CheckSymbolExists.c.o
/usr/bin/gcc   -F/usr/local/Trolltech/Qt-4.4.3/lib -I/usr/local/Trolltech/Qt-4.4.3/include   -o CMakeFiles/cmTryCompileExec.dir/CheckSymbolExists.c.o   -c /Users/brainiac/Development/ShowEQ-5.13.1.0/CMakeFiles/CMakeTmp/CheckSymbolExists.c
/Users/brainiac/Development/ShowEQ-5.13.1.0/CMakeFiles/CMakeTmp/CheckSymbolExists.c: In function ‘main’:
/Users/brainiac/Development/ShowEQ-5.13.1.0/CMakeFiles/CMakeTmp/CheckSymbolExists.c:8: error: ‘Q_WS_QWS’ undeclared (first use in this function)
/Users/brainiac/Development/ShowEQ-5.13.1.0/CMakeFiles/CMakeTmp/CheckSymbolExists.c:8: error: (Each undeclared identifier is reported only once
/Users/brainiac/Development/ShowEQ-5.13.1.0/CMakeFiles/CMakeTmp/CheckSymbolExists.c:8: error: for each function it appears in.)
make[1]: *** [CMakeFiles/cmTryCompileExec.dir/CheckSymbolExists.c.o] Error 1
make: *** [cmTryCompileExec/fast] Error 2

File /Users/brainiac/Development/ShowEQ-5.13.1.0/CMakeFiles/CMakeTmp/CheckSymbolExists.c:
/* */
#include <QtCore/qglobal.h>

void cmakeRequireSymbol(int dummy,...){(void)dummy;}
int main()
{
#ifndef Q_WS_QWS
  cmakeRequireSymbol(0,&Q_WS_QWS);
#endif
  return 0;
}

Determining if the function strnlen exists failed with the following output:
Change Dir: /Users/brainiac/Development/ShowEQ-5.13.1.0/CMakeFiles/CMakeTmp

Run Build Command:/usr/bin/make "cmTryCompileExec/fast"
/usr/bin/make -f CMakeFiles/cmTryCompileExec.dir/build.make CMakeFiles/cmTryCompileExec.dir/build
/opt/local/bin/cmake -E cmake_progress_report /Users/brainiac/Development/ShowEQ-5.13.1.0/CMakeFiles/CMakeTmp/CMakeFiles 1
Building C object CMakeFiles/cmTryCompileExec.dir/CheckFunctionExists.c.o
/usr/bin/gcc   -DCHECK_FUNCTION_EXISTS=strnlen   -o CMakeFiles/cmTryCompileExec.dir/CheckFunctionExists.c.o   -c /opt/local/share/cmake-2.6/Modules/CheckFunctionExists.c
Linking C executable cmTryCompileExec
/opt/local/bin/cmake -E cmake_link_script CMakeFiles/cmTryCompileExec.dir/link.txt --verbose=1
/usr/bin/gcc     -DCHECK_FUNCTION_EXISTS=strnlen -Wl,-search_paths_first -headerpad_max_install_names -fPIC CMakeFiles/cmTryCompileExec.dir/CheckFunctionExists.c.o  -o cmTryCompileExec  
Undefined symbols:
  "_strnlen", referenced from:
      _main in CheckFunctionExists.c.o
ld: symbol(s) not found
collect2: ld returned 1 exit status
make[1]: *** [cmTryCompileExec] Error 1
make: *** [cmTryCompileExec/fast] Error 2


Determining if the Q_WS_X11 exist failed with the following output:
Change Dir: /Users/brainiac/Development/ShowEQ-5.13.1.0/CMakeFiles/CMakeTmp

Run Build Command:/usr/bin/make "cmTryCompileExec/fast"
/usr/bin/make -f CMakeFiles/cmTryCompileExec.dir/build.make CMakeFiles/cmTryCompileExec.dir/build
/opt/local/bin/cmake -E cmake_progress_report /Users/brainiac/Development/ShowEQ-5.13.1.0/CMakeFiles/CMakeTmp/CMakeFiles 1
Building C object CMakeFiles/cmTryCompileExec.dir/CheckSymbolExists.c.o
/usr/bin/gcc   -F/usr/local/Trolltech/Qt-4.4.3/lib -I/usr/local/Trolltech/Qt-4.4.3/include   -o CMakeFiles/cmTryCompileExec.dir/CheckSymbolExists.c.o   -c /Users/brainiac/Development/ShowEQ-5.13.1.0/CMakeFiles/CMakeTmp/CheckSymbolExists.c
/Users/brainiac/Development/ShowEQ-5.13.1.0/CMakeFiles/CMakeTmp/CheckSymbolExists.c: In function ‘main’:
/Users/brainiac/Development/ShowEQ-5.13.1.0/CMakeFiles/CMakeTmp/CheckSymbolExists.c:8: error: ‘Q_WS_X11’ undeclared (first use in this function)
/Users/brainiac/Development/ShowEQ-5.13.1.0/CMakeFiles/CMakeTmp/CheckSymbolExists.c:8: error: (Each undeclared identifier is reported only once
/Users/brainiac/Development/ShowEQ-5.13.1.0/CMakeFiles/CMakeTmp/CheckSymbolExists.c:8: error: for each function it appears in.)
make[1]: *** [CMakeFiles/cmTryCompileExec.dir/CheckSymbolExists.c.o] Error 1
make: *** [cmTryCompileExec/fast] Error 2

File /Users/brainiac/Development/ShowEQ-5.13.1.0/CMakeFiles/CMakeTmp/CheckSymbolExists.c:
/* */
#include <QtCore/qglobal.h>

void cmakeRequireSymbol(int dummy,...){(void)dummy;}
int main()
{
#ifndef Q_WS_X11
  cmakeRequireSymbol(0,&Q_WS_X11);
#endif
  return 0;
}

Determining if the Q_WS_WIN exist failed with the following output:
Change Dir: /Users/brainiac/Development/ShowEQ-5.13.1.0/CMakeFiles/CMakeTmp

Run Build Command:/usr/bin/make "cmTryCompileExec/fast"
/usr/bin/make -f CMakeFiles/cmTryCompileExec.dir/build.make CMakeFiles/cmTryCompileExec.dir/build
/opt/local/bin/cmake -E cmake_progress_report /Users/brainiac/Development/ShowEQ-5.13.1.0/CMakeFiles/CMakeTmp/CMakeFiles 1
Building C object CMakeFiles/cmTryCompileExec.dir/CheckSymbolExists.c.o
/usr/bin/gcc   -F/usr/local/Trolltech/Qt-4.4.3/lib -I/usr/local/Trolltech/Qt-4.4.3/include   -o CMakeFiles/cmTryCompileExec.dir/CheckSymbolExists.c.o   -c /Users/brainiac/Development/ShowEQ-5.13.1.0/CMakeFiles/CMakeTmp/CheckSymbolExists.c
/Users/brainiac/Development/ShowEQ-5.13.1.0/CMakeFiles/CMakeTmp/CheckSymbolExists.c: In function ‘main’:
/Users/brainiac/Development/ShowEQ-5.13.1.0/CMakeFiles/CMakeTmp/CheckSymbolExists.c:8: error: ‘Q_WS_WIN’ undeclared (first use in this function)
/Users/brainiac/Development/ShowEQ-5.13.1.0/CMakeFiles/CMakeTmp/CheckSymbolExists.c:8: error: (Each undeclared identifier is reported only once
/Users/brainiac/Development/ShowEQ-5.13.1.0/CMakeFiles/CMakeTmp/CheckSymbolExists.c:8: error: for each function it appears in.)
make[1]: *** [CMakeFiles/cmTryCompileExec.dir/CheckSymbolExists.c.o] Error 1
make: *** [cmTryCompileExec/fast] Error 2

File /Users/brainiac/Development/ShowEQ-5.13.1.0/CMakeFiles/CMakeTmp/CheckSymbolExists.c:
/* */
#include <QtCore/qglobal.h>

void cmakeRequireSymbol(int dummy,...){(void)dummy;}
int main()
{
#ifndef Q_WS_WIN
  cmakeRequireSymbol(0,&Q_WS_WIN);
#endif
  return 0;
}

Determining if the Q_WS_QWS exist failed with the following output:
Change Dir: /Users/brainiac/Development/ShowEQ-5.13.1.0/CMakeFiles/CMakeTmp

Run Build Command:/usr/bin/make "cmTryCompileExec/fast"
/usr/bin/make -f CMakeFiles/cmTryCompileExec.dir/build.make CMakeFiles/cmTryCompileExec.dir/build
/opt/local/bin/cmake -E cmake_progress_report /Users/brainiac/Development/ShowEQ-5.13.1.0/CMakeFiles/CMakeTmp/CMakeFiles 1
Building C object CMakeFiles/cmTryCompileExec.dir/CheckSymbolExists.c.o
/usr/bin/gcc   -F/usr/local/Trolltech/Qt-4.4.3/lib -I/usr/local/Trolltech/Qt-4.4.3/include   -o CMakeFiles/cmTryCompileExec.dir/CheckSymbolExists.c.o   -c /Users/brainiac/Development/ShowEQ-5.13.1.0/CMakeFiles/CMakeTmp/CheckSymbolExists.c
/Users/brainiac/Development/ShowEQ-5.13.1.0/CMakeFiles/CMakeTmp/CheckSymbolExists.c: In function ‘main’:
/Users/brainiac/Development/ShowEQ-5.13.1.0/CMakeFiles/CMakeTmp/CheckSymbolExists.c:8: error: ‘Q_WS_QWS’ undeclared (first use in this function)
/Users/brainiac/Development/ShowEQ-5.13.1.0/CMakeFiles/CMakeTmp/CheckSymbolExists.c:8: error: (Each undeclared identifier is reported only once
/Users/brainiac/Development/ShowEQ-5.13.1.0/CMakeFiles/CMakeTmp/CheckSymbolExists.c:8: error: for each function it appears in.)
make[1]: *** [CMakeFiles/cmTryCompileExec.dir/CheckSymbolExists.c.o] Error 1
make: *** [cmTryCompileExec/fast] Error 2

File /Users/brainiac/Development/ShowEQ-5.13.1.0/CMakeFiles/CMakeTmp/CheckSymbolExists.c:
/* */
#include <QtCore/qglobal.h>

void cmakeRequireSymbol(int dummy,...){(void)dummy;}
int main()
{
#ifndef Q_WS_QWS
  cmakeRequireSymbol(0,&Q_WS_QWS);
#endif
  return 0;
}

Determining if the function strnlen exists failed with the following output:
Change Dir: /Users/brainiac/Development/ShowEQ-5.13.1.0/CMakeFiles/CMakeTmp

Run Build Command:/usr/bin/make "cmTryCompileExec/fast"
/usr/bin/make -f CMakeFiles/cmTryCompileExec.dir/build.make CMakeFiles/cmTryCompileExec.dir/build
/opt/local/bin/cmake -E cmake_progress_report /Users/brainiac/Development/ShowEQ-5.13.1.0/CMakeFiles/CMakeTmp/CMakeFiles 1
Building C object CMakeFiles/cmTryCompileExec.dir/CheckFunctionExists.c.o
/usr/bin/gcc   -DCHECK_FUNCTION_EXISTS=strnlen   -o CMakeFiles/cmTryCompileExec.dir/CheckFunctionExists.c.o   -c /opt/local/share/cmake-2.6/Modules/CheckFunctionExists.c
Linking C executable cmTryCompileExec
/opt/local/bin/cmake -E cmake_link_script CMakeFiles/cmTryCompileExec.dir/link.txt --verbose=1
/usr/bin/gcc     -DCHECK_FUNCTION_EXISTS=strnlen -Wl,-search_paths_first -headerpad_max_install_names -fPIC CMakeFiles/cmTryCompileExec.dir/CheckFunctionExists.c.o  -o cmTryCompileExec  
Undefined symbols:
  "_strnlen", referenced from:
      _main in CheckFunctionExists.c.o
ld: symbol(s) not found
collect2: ld returned 1 exit status
make[1]: *** [cmTryCompileExec] Error 1
make: *** [cmTryCompileExec/fast] Error 2


Determining if the Q_WS_X11 exist failed with the following output:
Change Dir: /Users/brainiac/Development/ShowEQ-5.13.1.0/CMakeFiles/CMakeTmp

Run Build Command:/usr/bin/make "cmTryCompileExec/fast"
/usr/bin/make -f CMakeFiles/cmTryCompileExec.dir/build.make CMakeFiles/cmTryCompileExec.dir/build
/opt/local/bin/cmake -E cmake_progress_report /Users/brainiac/Development/ShowEQ-5.13.1.0/CMakeFiles/CMakeTmp/CMakeFiles 1
Building C object CMakeFiles/cmTryCompileExec.dir/CheckSymbolExists.c.o
/usr/bin/gcc   -F/usr/local/Trolltech/Qt-4.4.3/lib -I/usr/local/Trolltech/Qt-4.4.3/include   -o CMakeFiles/cmTryCompileExec.dir/CheckSymbolExists.c.o   -c /Users/brainiac/Development/ShowEQ-5.13.1.0/CMakeFiles/CMakeTmp/CheckSymbolExists.c
/Users/brainiac/Development/ShowEQ-5.13.1.0/CMakeFiles/CMakeTmp/CheckSymbolExists.c: In function ‘main’:
/Users/brainiac/Development/ShowEQ-5.13.1.0/CMakeFiles/CMakeTmp/CheckSymbolExists.c:8: error: ‘Q_WS_X11’ undeclared (first use in this function)
/Users/brainiac/Development/ShowEQ-5.13.1.0/CMakeFiles/CMakeTmp/CheckSymbolExists.c:8: error: (Each undeclared identifier is reported only once
/Users/brainiac/Development/ShowEQ-5.13.1.0/CMakeFiles/CMakeTmp/CheckSymbolExists.c:8: error: for each function it appears in.)
make[1]: *** [CMakeFiles/cmTryCompileExec.dir/CheckSymbolExists.c.o] Error 1
make: *** [cmTryCompileExec/fast] Error 2

File /Users/brainiac/Development/ShowEQ-5.13.1.0/CMakeFiles/CMakeTmp/CheckSymbolExists.c:
/* */
#include <QtCore/qglobal.h>

void cmakeRequireSymbol(int dummy,...){(void)dummy;}
int main()
{
#ifndef Q_WS_X11
  cmakeRequireSymbol(0,&Q_WS_X11);
#endif
  return 0;
}

Determining if the Q_WS_WIN exist failed with the following output:
Change Dir: /Users/brainiac/Development/ShowEQ-5.13.1.0/CMakeFiles/CMakeTmp

Run Build Command:/usr/bin/make "cmTryCompileExec/fast"
/usr/bin/make -f CMakeFiles/cmTryCompileExec.dir/build.make CMakeFiles/cmTryCompileExec.dir/build
/opt/local/bin/cmake -E cmake_progress_report /Users/brainiac/Development/ShowEQ-5.13.1.0/CMakeFiles/CMakeTmp/CMakeFiles 1
Building C object CMakeFiles/cmTryCompileExec.dir/CheckSymbolExists.c.o
/usr/bin/gcc   -F/usr/local/Trolltech/Qt-4.4.3/lib -I/usr/local/Trolltech/Qt-4.4.3/include   -o CMakeFiles/cmTryCompileExec.dir/CheckSymbolExists.c.o   -c /Users/brainiac/Development/ShowEQ-5.13.1.0/CMakeFiles/CMakeTmp/CheckSymbolExists.c
/Users/brainiac/Development/ShowEQ-5.13.1.0/CMakeFiles/CMakeTmp/CheckSymbolExists.c: In function ‘main’:
/Users/brainiac/Development/ShowEQ-5.13.1.0/CMakeFiles/CMakeTmp/CheckSymbolExists.c:8: error: ‘Q_WS_WIN’ undeclared (first use in this function)
/Users/brainiac/Development/ShowEQ-5.13.1.0/CMakeFiles/CMakeTmp/CheckSymbolExists.c:8: error: (Each undeclared identifier is reported only once
/Users/brainiac/Development/ShowEQ-5.13.1.0/CMakeFiles/CMakeTmp/CheckSymbolExists.c:8: error: for each function it appears in.)
make[1]: *** [CMakeFiles/cmTryCompileExec.dir/CheckSymbolExists.c.o] Error 1
make: *** [cmTryCompileExec/fast] Error 2

File /Users/brainiac/Development/ShowEQ-5.13.1.0/CMakeFiles/CMakeTmp/CheckSymbolExists.c:
/* */
#include <QtCore/qglobal.h>

void cmakeRequireSymbol(int dummy,...){(void)dummy;}
int main()
{
#ifndef Q_WS_WIN
  cmakeRequireSymbol(0,&Q_WS_WIN);
#endif
  return 0;
}

Determining if the Q_WS_QWS exist failed with the following output:
Change Dir: /Users/brainiac/Development/ShowEQ-5.13.1.0/CMakeFiles/CMakeTmp

Run Build Command:/usr/bin/make "cmTryCompileExec/fast"
/usr/bin/make -f CMakeFiles/cmTryCompileExec.dir/build.make CMakeFiles/cmTryCompileExec.dir/build
/opt/local/bin/cmake -E cmake_progress_report /Users/brainiac/Development/ShowEQ-5.13.1.0/CMakeFiles/CMakeTmp/CMakeFiles 1
Building C object CMakeFiles/cmTryCompileExec.dir/CheckSymbolExists.c.o
/usr/bin/gcc   -F/usr/local/Trolltech/Qt-4.4.3/lib -I/usr/local/Trolltech/Qt-4.4.3/include   -o CMakeFiles/cmTryCompileExec.dir/CheckSymbolExists.c.o   -c /Users/brainiac/Development/ShowEQ-5.13.1.0/CMakeFiles/CMakeTmp/CheckSymbolExists.c
/Users/brainiac/Development/ShowEQ-5.13.1.0/CMakeFiles/CMakeTmp/CheckSymbolExists.c: In function ‘main’:
/Users/brainiac/Development/ShowEQ-5.13.1.0/CMakeFiles/CMakeTmp/CheckSymbolExists.c:8: error: ‘Q_WS_QWS’ undeclared (first use in this function)
/Users/brainiac/Development/ShowEQ-5.13.1.0/CMakeFiles/CMakeTmp/CheckSymbolExists.c:8: error: (Each undeclared identifier is reported only once
/Users/brainiac/Development/ShowEQ-5.13.1.0/CMakeFiles/CMakeTmp/CheckSymbolExists.c:8: error: for each function it appears in.)
make[1]: *** [CMakeFiles/cmTryCompileExec.dir/CheckSymbolExists.c.o] Error 1
make: *** [cmTryCompileExec/fast] Error 2

File /Users/brainiac/Development/ShowEQ-5.13.1.0/CMakeFiles/CMakeTmp/CheckSymbolExists.c:
/* */
#include <QtCore/qglobal.h>

void cmakeRequireSymbol(int dummy,...){(void)dummy;}
int main()
{
#ifndef Q_WS_QWS
  cmakeRequireSymbol(0,&Q_WS_QWS);
#endif
  return 0;
}

Determining if the function strnlen exists failed with the following output:
Change Dir: /Users/brainiac/Development/ShowEQ-5.13.1.0/CMakeFiles/CMakeTmp

Run Build Command:/usr/bin/make "cmTryCompileExec/fast"
/usr/bin/make -f CMakeFiles/cmTryCompileExec.dir/build.make CMakeFiles/cmTryCompileExec.dir/build
/opt/local/bin/cmake -E cmake_progress_report /Users/brainiac/Development/ShowEQ-5.13.1.0/CMakeFiles/CMakeTmp/CMakeFiles 1
Building C object CMakeFiles/cmTryCompileExec.dir/CheckFunctionExists.c.o
/usr/bin/gcc   -DCHECK_FUNCTION_EXISTS=strnlen   -o CMakeFiles/cmTryCompileExec.dir/CheckFunctionExists.c.o   -c /opt/local/share/cmake-2.6/Modules/CheckFunctionExists.c
Linking C executable cmTryCompileExec
/opt/local/bin/cmake -E cmake_link_script CMakeFiles/cmTryCompileExec.dir/link.txt --verbose=1
/usr/bin/gcc     -DCHECK_FUNCTION_EXISTS=strnlen -Wl,-search_paths_first -headerpad_max_install_names -fPIC CMakeFiles/cmTryCompileExec.dir/CheckFunctionExists.c.o  -o cmTryCompileExec  
Undefined symbols:
  "_strnlen", referenced from:
      _main in CheckFunctionExists.c.o
ld: symbol(s) not found
collect2: ld returned 1 exit status
make[1]: *** [cmTryCompileExec] Error 1
make: *** [cmTryCompileExec/fast] Error 2


Determining if the Q_WS_X11 exist failed with the following output:
Change Dir: /Users/brainiac/Development/ShowEQ-5.13.1.0/CMakeFiles/CMakeTmp

Run Build Command:/usr/bin/make "cmTryCompileExec/fast"
/usr/bin/make -f CMakeFiles/cmTryCompileExec.dir/build.make CMakeFiles/cmTryCompileExec.dir/build
/opt/local/bin/cmake -E cmake_progress_report /Users/brainiac/Development/ShowEQ-5.13.1.0/CMakeFiles/CMakeTmp/CMakeFiles 1
Building C object CMakeFiles/cmTryCompileExec.dir/CheckSymbolExists.c.o
/usr/bin/gcc   -F/usr/local/Trolltech/Qt-4.4.3/lib -I/usr/local/Trolltech/Qt-4.4.3/include   -o CMakeFiles/cmTryCompileExec.dir/CheckSymbolExists.c.o   -c /Users/brainiac/Development/ShowEQ-5.13.1.0/CMakeFiles/CMakeTmp/CheckSymbolExists.c
/Users/brainiac/Development/ShowEQ-5.13.1.0/CMakeFiles/CMakeTmp/CheckSymbolExists.c: In function ‘main’:
/Users/brainiac/Development/ShowEQ-5.13.1.0/CMakeFiles/CMakeTmp/CheckSymbolExists.c:8: error: ‘Q_WS_X11’ undeclared (first use in this function)
/Users/brainiac/Development/ShowEQ-5.13.1.0/CMakeFiles/CMakeTmp/CheckSymbolExists.c:8: error: (Each undeclared identifier is reported only once
/Users/brainiac/Development/ShowEQ-5.13.1.0/CMakeFiles/CMakeTmp/CheckSymbolExists.c:8: error: for each function it appears in.)
make[1]: *** [CMakeFiles/cmTryCompileExec.dir/CheckSymbolExists.c.o] Error 1
make: *** [cmTryCompileExec/fast] Error 2

File /Users/brainiac/Development/ShowEQ-5.13.1.0/CMakeFiles/CMakeTmp/CheckSymbolExists.c:
/* */
#include <QtCore/qglobal.h>

void cmakeRequireSymbol(int dummy,...){(void)dummy;}
int main()
{
#ifndef Q_WS_X11
  cmakeRequireSymbol(0,&Q_WS_X11);
#endif
  return 0;
}

Determining if the Q_WS_WIN exist failed with the following output:
Change Dir: /Users/brainiac/Development/ShowEQ-5.13.1.0/CMakeFiles/CMakeTmp

Run Build Command:/usr/bin/make "cmTryCompileExec/fast"
/usr/bin/make -f CMakeFiles/cmTryCompileExec.dir/build.make CMakeFiles/cmTryCompileExec.dir/build
/opt/local/bin/cmake -E cmake_progress_report /Users/brainiac/Development/ShowEQ-5.13.1.0/CMakeFiles/CMakeTmp/CMakeFiles 1
Building C object CMakeFiles/cmTryCompileExec.dir/CheckSymbolExists.c.o
/usr/bin/gcc   -F/usr/local/Trolltech/Qt-4.4.3/lib -I/usr/local/Trolltech/Qt-4.4.3/include   -o CMakeFiles/cmTryCompileExec.dir/CheckSymbolExists.c.o   -c /Users/brainiac/Development/ShowEQ-5.13.1.0/CMakeFiles/CMakeTmp/CheckSymbolExists.c
/Users/brainiac/Development/ShowEQ-5.13.1.0/CMakeFiles/CMakeTmp/CheckSymbolExists.c: In function ‘main’:
/Users/brainiac/Development/ShowEQ-5.13.1.0/CMakeFiles/CMakeTmp/CheckSymbolExists.c:8: error: ‘Q_WS_WIN’ undeclared (first use in this function)
/Users/brainiac/Development/ShowEQ-5.13.1.0/CMakeFiles/CMakeTmp/CheckSymbolExists.c:8: error: (Each undeclared identifier is reported only once
/Users/brainiac/Development/ShowEQ-5.13.1.0/CMakeFiles/CMakeTmp/CheckSymbolExists.c:8: error: for each function it appears in.)
make[1]: *** [CMakeFiles/cmTryCompileExec.dir/CheckSymbolExists.c.o] Error 1
make: *** [cmTryCompileExec/fast] Error 2

File /Users/brainiac/Development/ShowEQ-5.13.1.0/CMakeFiles/CMakeTmp/CheckSymbolExists.c:
/* */
#include <QtCore/qglobal.h>

void cmakeRequireSymbol(int dummy,...){(void)dummy;}
int main()
{
#ifndef Q_WS_WIN
  cmakeRequireSymbol(0,&Q_WS_WIN);
#endif
  return 0;
}

Determining if the Q_WS_QWS exist failed with the following output:
Change Dir: /Users/brainiac/Development/ShowEQ-5.13.1.0/CMakeFiles/CMakeTmp

Run Build Command:/usr/bin/make "cmTryCompileExec/fast"
/usr/bin/make -f CMakeFiles/cmTryCompileExec.dir/build.make CMakeFiles/cmTryCompileExec.dir/build
/opt/local/bin/cmake -E cmake_progress_report /Users/brainiac/Development/ShowEQ-5.13.1.0/CMakeFiles/CMakeTmp/CMakeFiles 1
Building C object CMakeFiles/cmTryCompileExec.dir/CheckSymbolExists.c.o
/usr/bin/gcc   -F/usr/local/Trolltech/Qt-4.4.3/lib -I/usr/local/Trolltech/Qt-4.4.3/include   -o CMakeFiles/cmTryCompileExec.dir/CheckSymbolExists.c.o   -c /Users/brainiac/Development/ShowEQ-5.13.1.0/CMakeFiles/CMakeTmp/CheckSymbolExists.c
/Users/brainiac/Development/ShowEQ-5.13.1.0/CMakeFiles/CMakeTmp/CheckSymbolExists.c: In function ‘main’:
/Users/brainiac/Development/ShowEQ-5.13.1.0/CMakeFiles/CMakeTmp/CheckSymbolExists.c:8: error: ‘Q_WS_QWS’ undeclared (first use in this function)
/Users/brainiac/Development/ShowEQ-5.13.1.0/CMakeFiles/CMakeTmp/CheckSymbolExists.c:8: error: (Each undeclared identifier is reported only once
/Users/brainiac/Development/ShowEQ-5.13.1.0/CMakeFiles/CMakeTmp/CheckSymbolExists.c:8: error: for each function it appears in.)
make[1]: *** [CMakeFiles/cmTryCompileExec.dir/CheckSymbolExists.c.o] Error 1
make: *** [cmTryCompileExec/fast] Error 2

File /Users/brainiac/Development/ShowEQ-5.13.1.0/CMakeFiles/CMakeTmp/CheckSymbolExists.c:
/* */
#include <QtCore/qglobal.h>

void cmakeRequireSymbol(int dummy,...){(void)dummy;}
int main()
{
#ifndef Q_WS_QWS
  cmakeRequireSymbol(0,&Q_WS_QWS);
#endif
  return 0;
}

Determining if the function strnlen exists failed with the following output:
Change Dir: /Users/brainiac/Development/ShowEQ-5.13.1.0/CMakeFiles/CMakeTmp

Run Build Command:/usr/bin/make "cmTryCompileExec/fast"
/usr/bin/make -f CMakeFiles/cmTryCompileExec.dir/build.make CMakeFiles/cmTryCompileExec.dir/build
/opt/local/bin/cmake -E cmake_progress_report /Users/brainiac/Development/ShowEQ-5.13.1.0/CMakeFiles/CMakeTmp/CMakeFiles 1
Building C object CMakeFiles/cmTryCompileExec.dir/CheckFunctionExists.c.o
/usr/bin/gcc   -DCHECK_FUNCTION_EXISTS=strnlen   -o CMakeFiles/cmTryCompileExec.dir/CheckFunctionExists.c.o   -c /opt/local/share/cmake-2.6/Modules/CheckFunctionExists.c
Linking C executable cmTryCompileExec
/opt/local/bin/cmake -E cmake_link_script CMakeFiles/cmTryCompileExec.dir/link.txt --verbose=1
/usr/bin/gcc     -DCHECK_FUNCTION_EXISTS=strnlen -Wl,-search_paths_first -headerpad_max_install_names -fPIC CMakeFiles/cmTryCompileExec.dir/CheckFunctionExists.c.o  -o cmTryCompileExec  
Undefined symbols:
  "_strnlen", referenced from:
      _main in CheckFunctionExists.c.o
ld: symbol(s) not found
collect2: ld returned 1 exit status
make[1]: *** [cmTryCompileExec] Error 1
make: *** [cmTryCompileExec/fast] Error 2


Determining if the function pthread_create exists in the pthreads failed with the following output:
Change Dir: /Users/brainiac/Development/ShowEQ-5.13.1.0/CMakeFiles/CMakeTmp

Run Build Command:/usr/bin/make "cmTryCompileExec/fast"
/usr/bin/make -f CMakeFiles/cmTryCompileExec.dir/build.make CMakeFiles/cmTryCompileExec.dir/build
/opt/local/bin/cmake -E cmake_progress_report /Users/brainiac/Development/ShowEQ-5.13.1.0/CMakeFiles/CMakeTmp/CMakeFiles 1
Building C object CMakeFiles/cmTryCompileExec.dir/CheckFunctionExists.c.o
/usr/bin/gcc   -DCHECK_FUNCTION_EXISTS=pthread_create   -o CMakeFiles/cmTryCompileExec.dir/CheckFunctionExists.c.o   -c /opt/local/share/cmake-2.6/Modules/CheckFunctionExists.c
Linking C executable cmTryCompileExec
/opt/local/bin/cmake -E cmake_link_script CMakeFiles/cmTryCompileExec.dir/link.txt --verbose=1
/usr/bin/gcc     -DCHECK_FUNCTION_EXISTS=pthread_create -Wl,-search_paths_first -headerpad_max_install_names -fPIC CMakeFiles/cmTryCompileExec.dir/CheckFunctionExists.c.o  -o cmTryCompileExec  -lpthreads 
ld: library not found for -lpthreads
collect2: ld returned 1 exit status
make[1]: *** [cmTryCompileExec] Error 1
make: *** [cmTryCompileExec/fast] Error 2


Determining if the Q_WS_X11 exist failed with the following output:
Change Dir: /Users/brainiac/Development/ShowEQ-5.13.1.0/CMakeFiles/CMakeTmp

Run Build Command:/usr/bin/make "cmTryCompileExec/fast"
/usr/bin/make -f CMakeFiles/cmTryCompileExec.dir/build.make CMakeFiles/cmTryCompileExec.dir/build
/opt/local/bin/cmake -E cmake_progress_report /Users/brainiac/Development/ShowEQ-5.13.1.0/CMakeFiles/CMakeTmp/CMakeFiles 1
Building C object CMakeFiles/cmTryCompileExec.dir/CheckSymbolExists.c.o
/usr/bin/gcc   -F/usr/local/Trolltech/Qt-4.4.3/lib -I/usr/local/Trolltech/Qt-4.4.3/include   -o CMakeFiles/cmTryCompileExec.dir/CheckSymbolExists.c.o   -c /Users/brainiac/Development/ShowEQ-5.13.1.0/CMakeFiles/CMakeTmp/CheckSymbolExists.c
/Users/brainiac/Development/ShowEQ-5.13.1.0/CMakeFiles/CMakeTmp/CheckSymbolExists.c: In function ‘main’:
/Users/brainiac/Development/ShowEQ-5.13.1.0/CMakeFiles/CMakeTmp/CheckSymbolExists.c:8: error: ‘Q_WS_X11’ undeclared (first use in this function)
/Users/brainiac/Development/ShowEQ-5.13.1.0/CMakeFiles/CMakeTmp/CheckSymbolExists.c:8: error: (Each undeclared identifier is reported only once
/Users/brainiac/Development/ShowEQ-5.13.1.0/CMakeFiles/CMakeTmp/CheckSymbolExists.c:8: error: for each function it appears in.)
make[1]: *** [CMakeFiles/cmTryCompileExec.dir/CheckSymbolExists.c.o] Error 1
make: *** [cmTryCompileExec/fast] Error 2

File /Users/brainiac/Development/ShowEQ-5.13.1.0/CMakeFiles/CMakeTmp/CheckSymbolExists.c:
/* */
#include <QtCore/qglobal.h>

void cmakeRequireSymbol(int dummy,...){(void)dummy;}
int main()
{
#ifndef Q_WS_X11
  cmakeRequireSymbol(0,&Q_WS_X11);
#endif
  return 0;
}

Determining if the Q_WS_WIN exist failed with the following output:
Change Dir: /Users/brainiac/Development/ShowEQ-5.13.1.0/CMakeFiles/CMakeTmp

Run Build Command:/usr/bin/make "cmTryCompileExec/fast"
/usr/bin/make -f CMakeFiles/cmTryCompileExec.dir/build.make CMakeFiles/cmTryCompileExec.dir/build
/opt/local/bin/cmake -E cmake_progress_report /Users/brainiac/Development/ShowEQ-5.13.1.0/CMakeFiles/CMakeTmp/CMakeFiles 1
Building C object CMakeFiles/cmTryCompileExec.dir/CheckSymbolExists.c.o
/usr/bin/gcc   -F/usr/local/Trolltech/Qt-4.4.3/lib -I/usr/local/Trolltech/Qt-4.4.3/include   -o CMakeFiles/cmTryCompileExec.dir/CheckSymbolExists.c.o   -c /Users/brainiac/Development/ShowEQ-5.13.1.0/CMakeFiles/CMakeTmp/CheckSymbolExists.c
/Users/brainiac/Development/ShowEQ-5.13.1.0/CMakeFiles/CMakeTmp/CheckSymbolExists.c: In function ‘main’:
/Users/brainiac/Development/ShowEQ-5.13.1.0/CMakeFiles/CMakeTmp/CheckSymbolExists.c:8: error: ‘Q_WS_WIN’ undeclared (first use in this function)
/Users/brainiac/Development/ShowEQ-5.13.1.0/CMakeFiles/CMakeTmp/CheckSymbolExists.c:8: error: (Each undeclared identifier is reported only once
/Users/brainiac/Development/ShowEQ-5.13.1.0/CMakeFiles/CMakeTmp/CheckSymbolExists.c:8: error: for each function it appears in.)
make[1]: *** [CMakeFiles/cmTryCompileExec.dir/CheckSymbolExists.c.o] Error 1
make: *** [cmTryCompileExec/fast] Error 2

File /Users/brainiac/Development/ShowEQ-5.13.1.0/CMakeFiles/CMakeTmp/CheckSymbolExists.c:
/* */
#include <QtCore/qglobal.h>

void cmakeRequireSymbol(int dummy,...){(void)dummy;}
int main()
{
#ifndef Q_WS_WIN
  cmakeRequireSymbol(0,&Q_WS_WIN);
#endif
  return 0;
}

Determining if the Q_WS_QWS exist failed with the following output:
Change Dir: /Users/brainiac/Development/ShowEQ-5.13.1.0/CMakeFiles/CMakeTmp

Run Build Command:/usr/bin/make "cmTryCompileExec/fast"
/usr/bin/make -f CMakeFiles/cmTryCompileExec.dir/build.make CMakeFiles/cmTryCompileExec.dir/build
/opt/local/bin/cmake -E cmake_progress_report /Users/brainiac/Development/ShowEQ-5.13.1.0/CMakeFiles/CMakeTmp/CMakeFiles 1
Building C object CMakeFiles/cmTryCompileExec.dir/CheckSymbolExists.c.o
/usr/bin/gcc   -F/usr/local/Trolltech/Qt-4.4.3/lib -I/usr/local/Trolltech/Qt-4.4.3/include   -o CMakeFiles/cmTryCompileExec.dir/CheckSymbolExists.c.o   -c /Users/brainiac/Development/ShowEQ-5.13.1.0/CMakeFiles/CMakeTmp/CheckSymbolExists.c
/Users/brainiac/Development/ShowEQ-5.13.1.0/CMakeFiles/CMakeTmp/CheckSymbolExists.c: In function ‘main’:
/Users/brainiac/Development/ShowEQ-5.13.1.0/CMakeFiles/CMakeTmp/CheckSymbolExists.c:8: error: ‘Q_WS_QWS’ undeclared (first use in this function)
/Users/brainiac/Development/ShowEQ-5.13.1.0/CMakeFiles/CMakeTmp/CheckSymbolExists.c:8: error: (Each undeclared identifier is reported only once
/Users/brainiac/Development/ShowEQ-5.13.1.0/CMakeFiles/CMakeTmp/CheckSymbolExists.c:8: error: for each function it appears in.)
make[1]: *** [CMakeFiles/cmTryCompileExec.dir/CheckSymbolExists.c.o] Error 1
make: *** [cmTryCompileExec/fast] Error 2

File /Users/brainiac/Development/ShowEQ-5.13.1.0/CMakeFiles/CMakeTmp/CheckSymbolExists.c:
/* */
#include <QtCore/qglobal.h>

void cmakeRequireSymbol(int dummy,...){(void)dummy;}
int main()
{
#ifndef Q_WS_QWS
  cmakeRequireSymbol(0,&Q_WS_QWS);
#endif
  return 0;
}

Determining if the function pthread_create exists in the pthreads failed with the following output:
Change Dir: /Users/brainiac/Development/ShowEQ-5.13.1.0/CMakeFiles/CMakeTmp

Run Build Command:/usr/bin/make "cmTryCompileExec/fast"
/usr/bin/make -f CMakeFiles/cmTryCompileExec.dir/build.make CMakeFiles/cmTryCompileExec.dir/build
/opt/local/bin/cmake -E cmake_progress_report /Users/brainiac/Development/ShowEQ-5.13.1.0/CMakeFiles/CMakeTmp/CMakeFiles 1
Building C object CMakeFiles/cmTryCompileExec.dir/CheckFunctionExists.c.o
/usr/bin/gcc   -DCHECK_FUNCTION_EXISTS=pthread_create   -o CMakeFiles/cmTryCompileExec.dir/CheckFunctionExists.c.o   -c /opt/local/share/cmake-2.6/Modules/CheckFunctionExists.c
Linking C executable cmTryCompileExec
/opt/local/bin/cmake -E cmake_link_script CMakeFiles/cmTryCompileExec.dir/link.txt --verbose=1
/usr/bin/gcc     -DCHECK_FUNCTION_EXISTS=pthread_create -Wl,-search_paths_first -headerpad_max_install_names -fPIC CMakeFiles/cmTryCompileExec.dir/CheckFunctionExists.c.o  -o cmTryCompileExec  -lpthreads 
ld: library not found for -lpthreads
collect2: ld returned 1 exit status
make[1]: *** [cmTryCompileExec] Error 1
make: *** [cmTryCompileExec/fast] Error 2


Determining if the function strnlen exists failed with the following output:
Change Dir: /Users/brainiac/Development/ShowEQ-5.13.1.0/CMakeFiles/CMakeTmp

Run Build Command:/usr/bin/make "cmTryCompileExec/fast"
/usr/bin/make -f CMakeFiles/cmTryCompileExec.dir/build.make CMakeFiles/cmTryCompileExec.dir/build
/opt/local/bin/cmake -E cmake_progress_report /Users/brainiac/Development/ShowEQ-5.13.1.0/CMakeFiles/CMakeTmp/CMakeFiles 1
Building C object CMakeFiles/cmTryCompileExec.dir/CheckFunctionExists.c.o
/usr/bin/gcc   -DCHECK_FUNCTION_EXISTS=strnlen   -o CMakeFiles/cmTryCompileExec.dir/CheckFunctionExists.c.o   -c /opt/local/share/cmake-2.6/Modules/CheckFunctionExists.c
Linking C executable cmTryCompileExec
/opt/local/bin/cmake -E cmake_link_script CMakeFiles/cmTryCompileExec.dir/link.txt --verbose=1
/usr/bin/gcc     -DCHECK_FUNCTION_EXISTS=strnlen -Wl,-search_paths_first -headerpad_max_install_names -fPIC CMakeFiles/cmTryCompileExec.dir/CheckFunctionExists.c.o  -o cmTryCompileExec  
Undefined symbols:
  "_strnlen", referenced from:
      _main in CheckFunctionExists.c.o
ld: symbol(s) not found
collect2: ld returned 1 exit status
make[1]: *** [cmTryCompileExec] Error 1
make: *** [cmTryCompileExec/fast] Error 2


Determining if the Q_WS_X11 exist failed with the following output:
Change Dir: /Users/brainiac/Development/ShowEQ-5.13.1.0/CMakeFiles/CMakeTmp

Run Build Command:/usr/bin/make "cmTryCompileExec/fast"
/usr/bin/make -f CMakeFiles/cmTryCompileExec.dir/build.make CMakeFiles/cmTryCompileExec.dir/build
/opt/local/bin/cmake -E cmake_progress_report /Users/brainiac/Development/ShowEQ-5.13.1.0/CMakeFiles/CMakeTmp/CMakeFiles 1
Building C object CMakeFiles/cmTryCompileExec.dir/CheckSymbolExists.c.o
/usr/bin/gcc   -F/usr/local/Trolltech/Qt-4.4.3/lib -I/usr/local/Trolltech/Qt-4.4.3/include   -o CMakeFiles/cmTryCompileExec.dir/CheckSymbolExists.c.o   -c /Users/brainiac/Development/ShowEQ-5.13.1.0/CMakeFiles/CMakeTmp/CheckSymbolExists.c
/Users/brainiac/Development/ShowEQ-5.13.1.0/CMakeFiles/CMakeTmp/CheckSymbolExists.c: In function ‘main’:
/Users/brainiac/Development/ShowEQ-5.13.1.0/CMakeFiles/CMakeTmp/CheckSymbolExists.c:8: error: ‘Q_WS_X11’ undeclared (first use in this function)
/Users/brainiac/Development/ShowEQ-5.13.1.0/CMakeFiles/CMakeTmp/CheckSymbolExists.c:8: error: (Each undeclared identifier is reported only once
/Users/brainiac/Development/ShowEQ-5.13.1.0/CMakeFiles/CMakeTmp/CheckSymbolExists.c:8: error: for each function it appears in.)
make[1]: *** [CMakeFiles/cmTryCompileExec.dir/CheckSymbolExists.c.o] Error 1
make: *** [cmTryCompileExec/fast] Error 2

File /Users/brainiac/Development/ShowEQ-5.13.1.0/CMakeFiles/CMakeTmp/CheckSymbolExists.c:
/* */
#include <QtCore/qglobal.h>

void cmakeRequireSymbol(int dummy,...){(void)dummy;}
int main()
{
#ifndef Q_WS_X11
  cmakeRequireSymbol(0,&Q_WS_X11);
#endif
  return 0;
}

Determining if the Q_WS_WIN exist failed with the following output:
Change Dir: /Users/brainiac/Development/ShowEQ-5.13.1.0/CMakeFiles/CMakeTmp

Run Build Command:/usr/bin/make "cmTryCompileExec/fast"
/usr/bin/make -f CMakeFiles/cmTryCompileExec.dir/build.make CMakeFiles/cmTryCompileExec.dir/build
/opt/local/bin/cmake -E cmake_progress_report /Users/brainiac/Development/ShowEQ-5.13.1.0/CMakeFiles/CMakeTmp/CMakeFiles 1
Building C object CMakeFiles/cmTryCompileExec.dir/CheckSymbolExists.c.o
/usr/bin/gcc   -F/usr/local/Trolltech/Qt-4.4.3/lib -I/usr/local/Trolltech/Qt-4.4.3/include   -o CMakeFiles/cmTryCompileExec.dir/CheckSymbolExists.c.o   -c /Users/brainiac/Development/ShowEQ-5.13.1.0/CMakeFiles/CMakeTmp/CheckSymbolExists.c
/Users/brainiac/Development/ShowEQ-5.13.1.0/CMakeFiles/CMakeTmp/CheckSymbolExists.c: In function ‘main’:
/Users/brainiac/Development/ShowEQ-5.13.1.0/CMakeFiles/CMakeTmp/CheckSymbolExists.c:8: error: ‘Q_WS_WIN’ undeclared (first use in this function)
/Users/brainiac/Development/ShowEQ-5.13.1.0/CMakeFiles/CMakeTmp/CheckSymbolExists.c:8: error: (Each undeclared identifier is reported only once
/Users/brainiac/Development/ShowEQ-5.13.1.0/CMakeFiles/CMakeTmp/CheckSymbolExists.c:8: error: for each function it appears in.)
make[1]: *** [CMakeFiles/cmTryCompileExec.dir/CheckSymbolExists.c.o] Error 1
make: *** [cmTryCompileExec/fast] Error 2

File /Users/brainiac/Development/ShowEQ-5.13.1.0/CMakeFiles/CMakeTmp/CheckSymbolExists.c:
/* */
#include <QtCore/qglobal.h>

void cmakeRequireSymbol(int dummy,...){(void)dummy;}
int main()
{
#ifndef Q_WS_WIN
  cmakeRequireSymbol(0,&Q_WS_WIN);
#endif
  return 0;
}

Determining if the Q_WS_QWS exist failed with the following output:
Change Dir: /Users/brainiac/Development/ShowEQ-5.13.1.0/CMakeFiles/CMakeTmp

Run Build Command:/usr/bin/make "cmTryCompileExec/fast"
/usr/bin/make -f CMakeFiles/cmTryCompileExec.dir/build.make CMakeFiles/cmTryCompileExec.dir/build
/opt/local/bin/cmake -E cmake_progress_report /Users/brainiac/Development/ShowEQ-5.13.1.0/CMakeFiles/CMakeTmp/CMakeFiles 1
Building C object CMakeFiles/cmTryCompileExec.dir/CheckSymbolExists.c.o
/usr/bin/gcc   -F/usr/local/Trolltech/Qt-4.4.3/lib -I/usr/local/Trolltech/Qt-4.4.3/include   -o CMakeFiles/cmTryCompileExec.dir/CheckSymbolExists.c.o   -c /Users/brainiac/Development/ShowEQ-5.13.1.0/CMakeFiles/CMakeTmp/CheckSymbolExists.c
/Users/brainiac/Development/ShowEQ-5.13.1.0/CMakeFiles/CMakeTmp/CheckSymbolExists.c: In function ‘main’:
/Users/brainiac/Development/ShowEQ-5.13.1.0/CMakeFiles/CMakeTmp/CheckSymbolExists.c:8: error: ‘Q_WS_QWS’ undeclared (first use in this function)
/Users/brainiac/Development/ShowEQ-5.13.1.0/CMakeFiles/CMakeTmp/CheckSymbolExists.c:8: error: (Each undeclared identifier is reported only once
/Users/brainiac/Development/ShowEQ-5.13.1.0/CMakeFiles/CMakeTmp/CheckSymbolExists.c:8: error: for each function it appears in.)
make[1]: *** [CMakeFiles/cmTryCompileExec.dir/CheckSymbolExists.c.o] Error 1
make: *** [cmTryCompileExec/fast] Error 2

File /Users/brainiac/Development/ShowEQ-5.13.1.0/CMakeFiles/CMakeTmp/CheckSymbolExists.c:
/* */
#include <QtCore/qglobal.h>

void cmakeRequireSymbol(int dummy,...){(void)dummy;}
int main()
{
#ifndef Q_WS_QWS
  cmakeRequireSymbol(0,&Q_WS_QWS);
#endif
  return 0;
}

Determining if the function pthread_create exists in the pthreads failed with the following output:
Change Dir: /Users/brainiac/Development/ShowEQ-5.13.1.0/CMakeFiles/CMakeTmp

Run Build Command:/usr/bin/make "cmTryCompileExec/fast"
/usr/bin/make -f CMakeFiles/cmTryCompileExec.dir/build.make CMakeFiles/cmTryCompileExec.dir/build
/opt/local/bin/cmake -E cmake_progress_report /Users/brainiac/Development/ShowEQ-5.13.1.0/CMakeFiles/CMakeTmp/CMakeFiles 1
Building C object CMakeFiles/cmTryCompileExec.dir/CheckFunctionExists.c.o
/usr/bin/gcc   -DCHECK_FUNCTION_EXISTS=pthread_create   -o CMakeFiles/cmTryCompileExec.dir/CheckFunctionExists.c.o   -c /opt/local/share/cmake-2.6/Modules/CheckFunctionExists.c
Linking C executable cmTryCompileExec
/opt/local/bin/cmake -E cmake_link_script CMakeFiles/cmTryCompileExec.dir/link.txt --verbose=1
/usr/bin/gcc     -DCHECK_FUNCTION_EXISTS=pthread_create -Wl,-search_paths_first -headerpad_max_install_names -fPIC CMakeFiles/cmTryCompileExec.dir/CheckFunctionExists.c.o  -o cmTryCompileExec  -lpthreads 
ld: library not found for -lpthreads
collect2: ld returned 1 exit status
make[1]: *** [cmTryCompileExec] Error 1
make: *** [cmTryCompileExec/fast] Error 2


Determining if the function strnlen exists failed with the following output:
Change Dir: /Users/brainiac/Development/ShowEQ-5.13.1.0/CMakeFiles/CMakeTmp

Run Build Command:/usr/bin/make "cmTryCompileExec/fast"
/usr/bin/make -f CMakeFiles/cmTryCompileExec.dir/build.make CMakeFiles/cmTryCompileExec.dir/build
/opt/local/bin/cmake -E cmake_progress_report /Users/brainiac/Development/ShowEQ-5.13.1.0/CMakeFiles/CMakeTmp/CMakeFiles 1
Building C object CMakeFiles/cmTryCompileExec.dir/CheckFunctionExists.c.o
/usr/bin/gcc   -DCHECK_FUNCTION_EXISTS=strnlen   -o CMakeFiles/cmTryCompileExec.dir/CheckFunctionExists.c.o   -c /opt/local/share/cmake-2.6/Modules/CheckFunctionExists.c
Linking C executable cmTryCompileExec
/opt/local/bin/cmake -E cmake_link_script CMakeFiles/cmTryCompileExec.dir/link.txt --verbose=1
/usr/bin/gcc     -DCHECK_FUNCTION_EXISTS=strnlen -Wl,-search_paths_first -headerpad_max_install_names -fPIC CMakeFiles/cmTryCompileExec.dir/CheckFunctionExists.c.o  -o cmTryCompileExec  
Undefined symbols:
  "_strnlen", referenced from:
      _main in CheckFunctionExists.c.o
ld: symbol(s) not found
collect2: ld returned 1 exit status
make[1]: *** [cmTryCompileExec] Error 1
make: *** [cmTryCompileExec/fast] Error 2


Determining if the Q_WS_X11 exist failed with the following output:
Change Dir: /Users/brainiac/Development/ShowEQ-5.13.1.0/CMakeFiles/CMakeTmp

Run Build Command:/usr/bin/make "cmTryCompileExec/fast"
/usr/bin/make -f CMakeFiles/cmTryCompileExec.dir/build.make CMakeFiles/cmTryCompileExec.dir/build
/opt/local/bin/cmake -E cmake_progress_report /Users/brainiac/Development/ShowEQ-5.13.1.0/CMakeFiles/CMakeTmp/CMakeFiles 1
Building C object CMakeFiles/cmTryCompileExec.dir/CheckSymbolExists.c.o
/usr/bin/gcc   -F/usr/local/Trolltech/Qt-4.4.3/lib -I/usr/local/Trolltech/Qt-4.4.3/include   -o CMakeFiles/cmTryCompileExec.dir/CheckSymbolExists.c.o   -c /Users/brainiac/Development/ShowEQ-5.13.1.0/CMakeFiles/CMakeTmp/CheckSymbolExists.c
/Users/brainiac/Development/ShowEQ-5.13.1.0/CMakeFiles/CMakeTmp/CheckSymbolExists.c: In function ‘main’:
/Users/brainiac/Development/ShowEQ-5.13.1.0/CMakeFiles/CMakeTmp/CheckSymbolExists.c:8: error: ‘Q_WS_X11’ undeclared (first use in this function)
/Users/brainiac/Development/ShowEQ-5.13.1.0/CMakeFiles/CMakeTmp/CheckSymbolExists.c:8: error: (Each undeclared identifier is reported only once
/Users/brainiac/Development/ShowEQ-5.13.1.0/CMakeFiles/CMakeTmp/CheckSymbolExists.c:8: error: for each function it appears in.)
make[1]: *** [CMakeFiles/cmTryCompileExec.dir/CheckSymbolExists.c.o] Error 1
make: *** [cmTryCompileExec/fast] Error 2

File /Users/brainiac/Development/ShowEQ-5.13.1.0/CMakeFiles/CMakeTmp/CheckSymbolExists.c:
/* */
#include <QtCore/qglobal.h>

void cmakeRequireSymbol(int dummy,...){(void)dummy;}
int main()
{
#ifndef Q_WS_X11
  cmakeRequireSymbol(0,&Q_WS_X11);
#endif
  return 0;
}

Determining if the Q_WS_WIN exist failed with the following output:
Change Dir: /Users/brainiac/Development/ShowEQ-5.13.1.0/CMakeFiles/CMakeTmp

Run Build Command:/usr/bin/make "cmTryCompileExec/fast"
/usr/bin/make -f CMakeFiles/cmTryCompileExec.dir/build.make CMakeFiles/cmTryCompileExec.dir/build
/opt/local/bin/cmake -E cmake_progress_report /Users/brainiac/Development/ShowEQ-5.13.1.0/CMakeFiles/CMakeTmp/CMakeFiles 1
Building C object CMakeFiles/cmTryCompileExec.dir/CheckSymbolExists.c.o
/usr/bin/gcc   -F/usr/local/Trolltech/Qt-4.4.3/lib -I/usr/local/Trolltech/Qt-4.4.3/include   -o CMakeFiles/cmTryCompileExec.dir/CheckSymbolExists.c.o   -c /Users/brainiac/Development/ShowEQ-5.13.1.0/CMakeFiles/CMakeTmp/CheckSymbolExists.c
/Users/brainiac/Development/ShowEQ-5.13.1.0/CMakeFiles/CMakeTmp/CheckSymbolExists.c: In function ‘main’:
/Users/brainiac/Development/ShowEQ-5.13.1.0/CMakeFiles/CMakeTmp/CheckSymbolExists.c:8: error: ‘Q_WS_WIN’ undeclared (first use in this function)
/Users/brainiac/Development/ShowEQ-5.13.1.0/CMakeFiles/CMakeTmp/CheckSymbolExists.c:8: error: (Each undeclared identifier is reported only once
/Users/brainiac/Development/ShowEQ-5.13.1.0/CMakeFiles/CMakeTmp/CheckSymbolExists.c:8: error: for each function it appears in.)
make[1]: *** [CMakeFiles/cmTryCompileExec.dir/CheckSymbolExists.c.o] Error 1
make: *** [cmTryCompileExec/fast] Error 2

File /Users/brainiac/Development/ShowEQ-5.13.1.0/CMakeFiles/CMakeTmp/CheckSymbolExists.c:
/* */
#include <QtCore/qglobal.h>

void cmakeRequireSymbol(int dummy,...){(void)dummy;}
int main()
{
#ifndef Q_WS_WIN
  cmakeRequireSymbol(0,&Q_WS_WIN);
#endif
  return 0;
}

Determining if the Q_WS_QWS exist failed with the following output:
Change Dir: /Users/brainiac/Development/ShowEQ-5.13.1.0/CMakeFiles/CMakeTmp

Run Build Command:/usr/bin/make "cmTryCompileExec/fast"
/usr/bin/make -f CMakeFiles/cmTryCompileExec.dir/build.make CMakeFiles/cmTryCompileExec.dir/build
/opt/local/bin/cmake -E cmake_progress_report /Users/brainiac/Development/ShowEQ-5.13.1.0/CMakeFiles/CMakeTmp/CMakeFiles 1
Building C object CMakeFiles/cmTryCompileExec.dir/CheckSymbolExists.c.o
/usr/bin/gcc   -F/usr/local/Trolltech/Qt-4.4.3/lib -I/usr/local/Trolltech/Qt-4.4.3/include   -o CMakeFiles/cmTryCompileExec.dir/CheckSymbolExists.c.o   -c /Users/brainiac/Development/ShowEQ-5.13.1.0/CMakeFiles/CMakeTmp/CheckSymbolExists.c
/Users/brainiac/Development/ShowEQ-5.13.1.0/CMakeFiles/CMakeTmp/CheckSymbolExists.c: In function ‘main’:
/Users/brainiac/Development/ShowEQ-5.13.1.0/CMakeFiles/CMakeTmp/CheckSymbolExists.c:8: error: ‘Q_WS_QWS’ undeclared (first use in this function)
/Users/brainiac/Development/ShowEQ-5.13.1.0/CMakeFiles/CMakeTmp/CheckSymbolExists.c:8: error: (Each undeclared identifier is reported only once
/Users/brainiac/Development/ShowEQ-5.13.1.0/CMakeFiles/CMakeTmp/CheckSymbolExists.c:8: error: for each function it appears in.)
make[1]: *** [CMakeFiles/cmTryCompileExec.dir/CheckSymbolExists.c.o] Error 1
make: *** [cmTryCompileExec/fast] Error 2

File /Users/brainiac/Development/ShowEQ-5.13.1.0/CMakeFiles/CMakeTmp/CheckSymbolExists.c:
/* */
#include <QtCore/qglobal.h>

void cmakeRequireSymbol(int dummy,...){(void)dummy;}
int main()
{
#ifndef Q_WS_QWS
  cmakeRequireSymbol(0,&Q_WS_QWS);
#endif
  return 0;
}

Determining if the function pthread_create exists in the pthreads failed with the following output:
Change Dir: /Users/brainiac/Development/ShowEQ-5.13.1.0/CMakeFiles/CMakeTmp

Run Build Command:/usr/bin/make "cmTryCompileExec/fast"
/usr/bin/make -f CMakeFiles/cmTryCompileExec.dir/build.make CMakeFiles/cmTryCompileExec.dir/build
/opt/local/bin/cmake -E cmake_progress_report /Users/brainiac/Development/ShowEQ-5.13.1.0/CMakeFiles/CMakeTmp/CMakeFiles 1
Building C object CMakeFiles/cmTryCompileExec.dir/CheckFunctionExists.c.o
/usr/bin/gcc   -DCHECK_FUNCTION_EXISTS=pthread_create   -o CMakeFiles/cmTryCompileExec.dir/CheckFunctionExists.c.o   -c /opt/local/share/cmake-2.6/Modules/CheckFunctionExists.c
Linking C executable cmTryCompileExec
/opt/local/bin/cmake -E cmake_link_script CMakeFiles/cmTryCompileExec.dir/link.txt --verbose=1
/usr/bin/gcc     -DCHECK_FUNCTION_EXISTS=pthread_create -Wl,-search_paths_first -headerpad_max_install_names -fPIC CMakeFiles/cmTryCompileExec.dir/CheckFunctionExists.c.o  -o cmTryCompileExec  -lpthreads 
ld: library not found for -lpthreads
collect2: ld returned 1 exit status
make[1]: *** [cmTryCompileExec] Error 1
make: *** [cmTryCompileExec/fast] Error 2


Determining if the function strnlen exists failed with the following output:
Change Dir: /Users/brainiac/Development/ShowEQ-5.13.1.0/CMakeFiles/CMakeTmp

Run Build Command:/usr/bin/make "cmTryCompileExec/fast"
/usr/bin/make -f CMakeFiles/cmTryCompileExec.dir/build.make CMakeFiles/cmTryCompileExec.dir/build
/opt/local/bin/cmake -E cmake_progress_report /Users/brainiac/Development/ShowEQ-5.13.1.0/CMakeFiles/CMakeTmp/CMakeFiles 1
Building C object CMakeFiles/cmTryCompileExec.dir/CheckFunctionExists.c.o
/usr/bin/gcc   -DCHECK_FUNCTION_EXISTS=strnlen   -o CMakeFiles/cmTryCompileExec.dir/CheckFunctionExists.c.o   -c /opt/local/share/cmake-2.6/Modules/CheckFunctionExists.c
Linking C executable cmTryCompileExec
/opt/local/bin/cmake -E cmake_link_script CMakeFiles/cmTryCompileExec.dir/link.txt --verbose=1
/usr/bin/gcc     -DCHECK_FUNCTION_EXISTS=strnlen -Wl,-search_paths_first -headerpad_max_install_names -fPIC CMakeFiles/cmTryCompileExec.dir/CheckFunctionExists.c.o  -o cmTryCompileExec  
Undefined symbols:
  "_strnlen", referenced from:
      _main in CheckFunctionExists.c.o
ld: symbol(s) not found
collect2: ld returned 1 exit status
make[1]: *** [cmTryCompileExec] Error 1
make: *** [cmTryCompileExec/fast] Error 2


Determining if the Q_WS_X11 exist failed with the following output:
Change Dir: /Users/brainiac/Development/ShowEQ-5.13.1.0/CMakeFiles/CMakeTmp

Run Build Command:/usr/bin/make "cmTryCompileExec/fast"
/usr/bin/make -f CMakeFiles/cmTryCompileExec.dir/build.make CMakeFiles/cmTryCompileExec.dir/build
/opt/local/bin/cmake -E cmake_progress_report /Users/brainiac/Development/ShowEQ-5.13.1.0/CMakeFiles/CMakeTmp/CMakeFiles 1
Building C object CMakeFiles/cmTryCompileExec.dir/CheckSymbolExists.c.o
/usr/bin/gcc   -F/usr/local/Trolltech/Qt-4.4.3/lib -I/usr/local/Trolltech/Qt-4.4.3/include   -o CMakeFiles/cmTryCompileExec.dir/CheckSymbolExists.c.o   -c /Users/brainiac/Development/ShowEQ-5.13.1.0/CMakeFiles/CMakeTmp/CheckSymbolExists.c
/Users/brainiac/Development/ShowEQ-5.13.1.0/CMakeFiles/CMakeTmp/CheckSymbolExists.c: In function ‘main’:
/Users/brainiac/Development/ShowEQ-5.13.1.0/CMakeFiles/CMakeTmp/CheckSymbolExists.c:8: error: ‘Q_WS_X11’ undeclared (first use in this function)
/Users/brainiac/Development/ShowEQ-5.13.1.0/CMakeFiles/CMakeTmp/CheckSymbolExists.c:8: error: (Each undeclared identifier is reported only once
/Users/brainiac/Development/ShowEQ-5.13.1.0/CMakeFiles/CMakeTmp/CheckSymbolExists.c:8: error: for each function it appears in.)
make[1]: *** [CMakeFiles/cmTryCompileExec.dir/CheckSymbolExists.c.o] Error 1
make: *** [cmTryCompileExec/fast] Error 2

File /Users/brainiac/Development/ShowEQ-5.13.1.0/CMakeFiles/CMakeTmp/CheckSymbolExists.c:
/* */
#include <QtCore/qglobal.h>

void cmakeRequireSymbol(int dummy,...){(void)dummy;}
int main()
{
#ifndef Q_WS_X11
  cmakeRequireSymbol(0,&Q_WS_X11);
#endif
  return 0;
}

Determining if the Q_WS_WIN exist failed with the following output:
Change Dir: /Users/brainiac/Development/ShowEQ-5.13.1.0/CMakeFiles/CMakeTmp

Run Build Command:/usr/bin/make "cmTryCompileExec/fast"
/usr/bin/make -f CMakeFiles/cmTryCompileExec.dir/build.make CMakeFiles/cmTryCompileExec.dir/build
/opt/local/bin/cmake -E cmake_progress_report /Users/brainiac/Development/ShowEQ-5.13.1.0/CMakeFiles/CMakeTmp/CMakeFiles 1
Building C object CMakeFiles/cmTryCompileExec.dir/CheckSymbolExists.c.o
/usr/bin/gcc   -F/usr/local/Trolltech/Qt-4.4.3/lib -I/usr/local/Trolltech/Qt-4.4.3/include   -o CMakeFiles/cmTryCompileExec.dir/CheckSymbolExists.c.o   -c /Users/brainiac/Development/ShowEQ-5.13.1.0/CMakeFiles/CMakeTmp/CheckSymbolExists.c
/Users/brainiac/Development/ShowEQ-5.13.1.0/CMakeFiles/CMakeTmp/CheckSymbolExists.c: In function ‘main’:
/Users/brainiac/Development/ShowEQ-5.13.1.0/CMakeFiles/CMakeTmp/CheckSymbolExists.c:8: error: ‘Q_WS_WIN’ undeclared (first use in this function)
/Users/brainiac/Development/ShowEQ-5.13.1.0/CMakeFiles/CMakeTmp/CheckSymbolExists.c:8: error: (Each undeclared identifier is reported only once
/Users/brainiac/Development/ShowEQ-5.13.1.0/CMakeFiles/CMakeTmp/CheckSymbolExists.c:8: error: for each function it appears in.)
make[1]: *** [CMakeFiles/cmTryCompileExec.dir/CheckSymbolExists.c.o] Error 1
make: *** [cmTryCompileExec/fast] Error 2

File /Users/brainiac/Development/ShowEQ-5.13.1.0/CMakeFiles/CMakeTmp/CheckSymbolExists.c:
/* */
#include <QtCore/qglobal.h>

void cmakeRequireSymbol(int dummy,...){(void)dummy;}
int main()
{
#ifndef Q_WS_WIN
  cmakeRequireSymbol(0,&Q_WS_WIN);
#endif
  return 0;
}

Determining if the Q_WS_QWS exist failed with the following output:
Change Dir: /Users/brainiac/Development/ShowEQ-5.13.1.0/CMakeFiles/CMakeTmp

Run Build Command:/usr/bin/make "cmTryCompileExec/fast"
/usr/bin/make -f CMakeFiles/cmTryCompileExec.dir/build.make CMakeFiles/cmTryCompileExec.dir/build
/opt/local/bin/cmake -E cmake_progress_report /Users/brainiac/Development/ShowEQ-5.13.1.0/CMakeFiles/CMakeTmp/CMakeFiles 1
Building C object CMakeFiles/cmTryCompileExec.dir/CheckSymbolExists.c.o
/usr/bin/gcc   -F/usr/local/Trolltech/Qt-4.4.3/lib -I/usr/local/Trolltech/Qt-4.4.3/include   -o CMakeFiles/cmTryCompileExec.dir/CheckSymbolExists.c.o   -c /Users/brainiac/Development/ShowEQ-5.13.1.0/CMakeFiles/CMakeTmp/CheckSymbolExists.c
/Users/brainiac/Development/ShowEQ-5.13.1.0/CMakeFiles/CMakeTmp/CheckSymbolExists.c: In function ‘main’:
/Users/brainiac/Development/ShowEQ-5.13.1.0/CMakeFiles/CMakeTmp/CheckSymbolExists.c:8: error: ‘Q_WS_QWS’ undeclared (first use in this function)
/Users/brainiac/Development/ShowEQ-5.13.1.0/CMakeFiles/CMakeTmp/CheckSymbolExists.c:8: error: (Each undeclared identifier is reported only once
/Users/brainiac/Development/ShowEQ-5.13.1.0/CMakeFiles/CMakeTmp/CheckSymbolExists.c:8: error: for each function it appears in.)
make[1]: *** [CMakeFiles/cmTryCompileExec.dir/CheckSymbolExists.c.o] Error 1
make: *** [cmTryCompileExec/fast] Error 2

File /Users/brainiac/Development/ShowEQ-5.13.1.0/CMakeFiles/CMakeTmp/CheckSymbolExists.c:
/* */
#include <QtCore/qglobal.h>

void cmakeRequireSymbol(int dummy,...){(void)dummy;}
int main()
{
#ifndef Q_WS_QWS
  cmakeRequireSymbol(0,&Q_WS_QWS);
#endif
  return 0;
}

Determining if the function pthread_create exists in the pthreads failed with the following output:
Change Dir: /Users/brainiac/Development/ShowEQ-5.13.1.0/CMakeFiles/CMakeTmp

Run Build Command:/usr/bin/make "cmTryCompileExec/fast"
/usr/bin/make -f CMakeFiles/cmTryCompileExec.dir/build.make CMakeFiles/cmTryCompileExec.dir/build
/opt/local/bin/cmake -E cmake_progress_report /Users/brainiac/Development/ShowEQ-5.13.1.0/CMakeFiles/CMakeTmp/CMakeFiles 1
Building C object CMakeFiles/cmTryCompileExec.dir/CheckFunctionExists.c.o
/usr/bin/gcc   -DCHECK_FUNCTION_EXISTS=pthread_create   -o CMakeFiles/cmTryCompileExec.dir/CheckFunctionExists.c.o   -c /opt/local/share/cmake-2.6/Modules/CheckFunctionExists.c
Linking C executable cmTryCompileExec
/opt/local/bin/cmake -E cmake_link_script CMakeFiles/cmTryCompileExec.dir/link.txt --verbose=1
/usr/bin/gcc     -DCHECK_FUNCTION_EXISTS=pthread_create -Wl,-search_paths_first -headerpad_max_install_names -fPIC CMakeFiles/cmTryCompileExec.dir/CheckFunctionExists.c.o  -o cmTryCompileExec  -lpthreads 
ld: library not found for -lpthreads
collect2: ld returned 1 exit status
make[1]: *** [cmTryCompileExec] Error 1
make: *** [cmTryCompileExec/fast] Error 2


Determining if the function strnlen exists failed with the following output:
Change Dir: /Users/brainiac/Development/ShowEQ-5.13.1.0/CMakeFiles/CMakeTmp

Run Build Command:/usr/bin/make "cmTryCompileExec/fast"
/usr/bin/make -f CMakeFiles/cmTryCompileExec.dir/build.make CMakeFiles/cmTryCompileExec.dir/build
/opt/local/bin/cmake -E cmake_progress_report /Users/brainiac/Development/ShowEQ-5.13.1.0/CMakeFiles/CMakeTmp/CMakeFiles 1
Building C object CMakeFiles/cmTryCompileExec.dir/CheckFunctionExists.c.o
/usr/bin/gcc   -DCHECK_FUNCTION_EXISTS=strnlen   -o CMakeFiles/cmTryCompileExec.dir/CheckFunctionExists.c.o   -c /opt/local/share/cmake-2.6/Modules/CheckFunctionExists.c
Linking C executable cmTryCompileExec
/opt/local/bin/cmake -E cmake_link_script CMakeFiles/cmTryCompileExec.dir/link.txt --verbose=1
/usr/bin/gcc     -DCHECK_FUNCTION_EXISTS=strnlen -Wl,-search_paths_first -headerpad_max_install_names -fPIC CMakeFiles/cmTryCompileExec.dir/CheckFunctionExists.c.o  -o cmTryCompileExec  
Undefined symbols:
  "_strnlen", referenced from:
      _main in CheckFunctionExists.c.o
ld: symbol(s) not found
collect2: ld returned 1 exit status
make[1]: *** [cmTryCompileExec] Error 1
make: *** [cmTryCompileExec/fast] Error 2


Determining if the Q_WS_X11 exist failed with the following output:
Change Dir: /Users/brainiac/Development/ShowEQ-5.13.1.0/CMakeFiles/CMakeTmp

Run Build Command:/opt/local/bin/cmakexbuild -project CMAKE_TRY_COMPILE.xcodeproj build -target cmTryCompileExec -configuration Debug
** BUILD FAILED **

The following build commands failed:
cmTryCompileExec:
	CompileC CMAKE_TRY_COMPILE.build/Debug/cmTryCompileExec.build/Objects-normal/i386/CheckSymbolExists.o /Users/brainiac/Development/ShowEQ-5.13.1.0/CMakeFiles/CMakeTmp/CheckSymbolExists.c normal i386 c com.apple.compilers.gcc.4_0
(1 failure)

=== BUILDING NATIVE TARGET cmTryCompileExec OF PROJECT CMAKE_TRY_COMPILE WITH CONFIGURATION Debug ===

Checking Dependencies...

PhaseScriptExecution /Users/brainiac/Development/ShowEQ-5.13.1.0/CMakeFiles/CMakeTmp/CMAKE_TRY_COMPILE.build/Debug/cmTryCompileExec.build/Script-6D16506D16506D1650000000.sh
    cd /Users/brainiac/Development/ShowEQ-5.13.1.0/CMakeFiles/CMakeTmp
    /bin/sh -c /Users/brainiac/Development/ShowEQ-5.13.1.0/CMakeFiles/CMakeTmp/CMAKE_TRY_COMPILE.build/Debug/cmTryCompileExec.build/Script-6D16506D16506D1650000000.sh
make: `CMakeFiles/cmake.check_cache' is up to date.

CompileC CMAKE_TRY_COMPILE.build/Debug/cmTryCompileExec.build/Objects-normal/i386/CheckSymbolExists.o /Users/brainiac/Development/ShowEQ-5.13.1.0/CMakeFiles/CMakeTmp/CheckSymbolExists.c normal i386 c com.apple.compilers.gcc.4_0
    cd /Users/brainiac/Development/ShowEQ-5.13.1.0/CMakeFiles/CMakeTmp
    /Developer/usr/bin/gcc-4.0 -x c -arch i386 -fmessage-length=0 -pipe -Wno-trigraphs -fpascal-strings -fasm-blocks -O0 -mdynamic-no-pic -DCMAKE_INTDIR="Debug" -gdwarf-2 -Wmost -Wno-four-char-constants -Wno-unknown-pragmas -F/Users/brainiac/Development/ShowEQ-5.13.1.0/CMakeFiles/CMakeTmp/Debug -I/Users/brainiac/Development/ShowEQ-5.13.1.0/CMakeFiles/CMakeTmp/Debug/include -I/usr/local/Trolltech/Qt-4.4.3/include -I/Users/brainiac/Development/ShowEQ-5.13.1.0/CMakeFiles/CMakeTmp/CMAKE_TRY_COMPILE.build/Debug/cmTryCompileExec.build/DerivedSources -F/usr/local/Trolltech/Qt-4.4.3/lib -c /Users/brainiac/Development/ShowEQ-5.13.1.0/CMakeFiles/CMakeTmp/CheckSymbolExists.c -o /Users/brainiac/Development/ShowEQ-5.13.1.0/CMakeFiles/CMakeTmp/CMAKE_TRY_COMPILE.build/Debug/cmTryCompileExec.build/Objects-normal/i386/CheckSymbolExists.o
/Users/brainiac/Development/ShowEQ-5.13.1.0/CMakeFiles/CMakeTmp/CheckSymbolExists.c: In function ‘main’:
/Users/brainiac/Development/ShowEQ-5.13.1.0/CMakeFiles/CMakeTmp/CheckSymbolExists.c:8: error: ‘Q_WS_X11’ undeclared (first use in this function)
/Users/brainiac/Development/ShowEQ-5.13.1.0/CMakeFiles/CMakeTmp/CheckSymbolExists.c:8: error: (Each undeclared identifier is reported only once
/Users/brainiac/Development/ShowEQ-5.13.1.0/CMakeFiles/CMakeTmp/CheckSymbolExists.c:8: error: for each function it appears in.)

PhaseScriptExecution /Users/brainiac/Development/ShowEQ-5.13.1.0/CMakeFiles/CMakeTmp/CMAKE_TRY_COMPILE.build/Debug/cmTryCompileExec.build/Script-6D1DE06D1DE06D1DE0000000.sh
    cd /Users/brainiac/Development/ShowEQ-5.13.1.0/CMakeFiles/CMakeTmp
    /bin/sh -c /Users/brainiac/Development/ShowEQ-5.13.1.0/CMakeFiles/CMakeTmp/CMAKE_TRY_COMPILE.build/Debug/cmTryCompileExec.build/Script-6D1DE06D1DE06D1DE0000000.sh
echo "Depend check for xcode"
Depend check for xcode
cd /Users/brainiac/Development/ShowEQ-5.13.1.0/CMakeFiles/CMakeTmp && make -C /Users/brainiac/Development/ShowEQ-5.13.1.0/CMakeFiles/CMakeTmp -f /Users/brainiac/Development/ShowEQ-5.13.1.0/CMakeFiles/CMakeTmp/CMakeScripts/XCODE_DEPEND_HELPER.make all.Debug
/bin/rm -f /Users/brainiac/Development/ShowEQ-5.13.1.0/CMakeFiles/CMakeTmp/Debug/cmTryCompileExec

File /Users/brainiac/Development/ShowEQ-5.13.1.0/CMakeFiles/CMakeTmp/CheckSymbolExists.c:
/* */
#include <QtCore/qglobal.h>

void cmakeRequireSymbol(int dummy,...){(void)dummy;}
int main()
{
#ifndef Q_WS_X11
  cmakeRequireSymbol(0,&Q_WS_X11);
#endif
  return 0;
}

Determining if the Q_WS_WIN exist failed with the following output:
Change Dir: /Users/brainiac/Development/ShowEQ-5.13.1.0/CMakeFiles/CMakeTmp

Run Build Command:/opt/local/bin/cmakexbuild -project CMAKE_TRY_COMPILE.xcodeproj build -target cmTryCompileExec -configuration Debug
** BUILD FAILED **

The following build commands failed:
cmTryCompileExec:
	CompileC CMAKE_TRY_COMPILE.build/Debug/cmTryCompileExec.build/Objects-normal/i386/CheckSymbolExists.o /Users/brainiac/Development/ShowEQ-5.13.1.0/CMakeFiles/CMakeTmp/CheckSymbolExists.c normal i386 c com.apple.compilers.gcc.4_0
(1 failure)

=== BUILDING NATIVE TARGET cmTryCompileExec OF PROJECT CMAKE_TRY_COMPILE WITH CONFIGURATION Debug ===

Checking Dependencies...

PhaseScriptExecution /Users/brainiac/Development/ShowEQ-5.13.1.0/CMakeFiles/CMakeTmp/CMAKE_TRY_COMPILE.build/Debug/cmTryCompileExec.build/Script-6D1EA06D1EA06D1EA0000000.sh
    cd /Users/brainiac/Development/ShowEQ-5.13.1.0/CMakeFiles/CMakeTmp
    /bin/sh -c /Users/brainiac/Development/ShowEQ-5.13.1.0/CMakeFiles/CMakeTmp/CMAKE_TRY_COMPILE.build/Debug/cmTryCompileExec.build/Script-6D1EA06D1EA06D1EA0000000.sh
make: `CMakeFiles/cmake.check_cache' is up to date.

CompileC CMAKE_TRY_COMPILE.build/Debug/cmTryCompileExec.build/Objects-normal/i386/CheckSymbolExists.o /Users/brainiac/Development/ShowEQ-5.13.1.0/CMakeFiles/CMakeTmp/CheckSymbolExists.c normal i386 c com.apple.compilers.gcc.4_0
    cd /Users/brainiac/Development/ShowEQ-5.13.1.0/CMakeFiles/CMakeTmp
    /Developer/usr/bin/gcc-4.0 -x c -arch i386 -fmessage-length=0 -pipe -Wno-trigraphs -fpascal-strings -fasm-blocks -O0 -mdynamic-no-pic -DCMAKE_INTDIR="Debug" -gdwarf-2 -Wmost -Wno-four-char-constants -Wno-unknown-pragmas -F/Users/brainiac/Development/ShowEQ-5.13.1.0/CMakeFiles/CMakeTmp/Debug -I/Users/brainiac/Development/ShowEQ-5.13.1.0/CMakeFiles/CMakeTmp/Debug/include -I/usr/local/Trolltech/Qt-4.4.3/include -I/Users/brainiac/Development/ShowEQ-5.13.1.0/CMakeFiles/CMakeTmp/CMAKE_TRY_COMPILE.build/Debug/cmTryCompileExec.build/DerivedSources -F/usr/local/Trolltech/Qt-4.4.3/lib -c /Users/brainiac/Development/ShowEQ-5.13.1.0/CMakeFiles/CMakeTmp/CheckSymbolExists.c -o /Users/brainiac/Development/ShowEQ-5.13.1.0/CMakeFiles/CMakeTmp/CMAKE_TRY_COMPILE.build/Debug/cmTryCompileExec.build/Objects-normal/i386/CheckSymbolExists.o
/Users/brainiac/Development/ShowEQ-5.13.1.0/CMakeFiles/CMakeTmp/CheckSymbolExists.c: In function ‘main’:
/Users/brainiac/Development/ShowEQ-5.13.1.0/CMakeFiles/CMakeTmp/CheckSymbolExists.c:8: error: ‘Q_WS_WIN’ undeclared (first use in this function)
/Users/brainiac/Development/ShowEQ-5.13.1.0/CMakeFiles/CMakeTmp/CheckSymbolExists.c:8: error: (Each undeclared identifier is reported only once
/Users/brainiac/Development/ShowEQ-5.13.1.0/CMakeFiles/CMakeTmp/CheckSymbolExists.c:8: error: for each function it appears in.)

PhaseScriptExecution /Users/brainiac/Development/ShowEQ-5.13.1.0/CMakeFiles/CMakeTmp/CMAKE_TRY_COMPILE.build/Debug/cmTryCompileExec.build/Script-6D26B06D26B06D26B0000000.sh
    cd /Users/brainiac/Development/ShowEQ-5.13.1.0/CMakeFiles/CMakeTmp
    /bin/sh -c /Users/brainiac/Development/ShowEQ-5.13.1.0/CMakeFiles/CMakeTmp/CMAKE_TRY_COMPILE.build/Debug/cmTryCompileExec.build/Script-6D26B06D26B06D26B0000000.sh
echo "Depend check for xcode"
Depend check for xcode
cd /Users/brainiac/Development/ShowEQ-5.13.1.0/CMakeFiles/CMakeTmp && make -C /Users/brainiac/Development/ShowEQ-5.13.1.0/CMakeFiles/CMakeTmp -f /Users/brainiac/Development/ShowEQ-5.13.1.0/CMakeFiles/CMakeTmp/CMakeScripts/XCODE_DEPEND_HELPER.make all.Debug
/bin/rm -f /Users/brainiac/Development/ShowEQ-5.13.1.0/CMakeFiles/CMakeTmp/Debug/cmTryCompileExec

File /Users/brainiac/Development/ShowEQ-5.13.1.0/CMakeFiles/CMakeTmp/CheckSymbolExists.c:
/* */
#include <QtCore/qglobal.h>

void cmakeRequireSymbol(int dummy,...){(void)dummy;}
int main()
{
#ifndef Q_WS_WIN
  cmakeRequireSymbol(0,&Q_WS_WIN);
#endif
  return 0;
}

Determining if the Q_WS_QWS exist failed with the following output:
Change Dir: /Users/brainiac/Development/ShowEQ-5.13.1.0/CMakeFiles/CMakeTmp

Run Build Command:/opt/local/bin/cmakexbuild -project CMAKE_TRY_COMPILE.xcodeproj build -target cmTryCompileExec -configuration Debug
** BUILD FAILED **

The following build commands failed:
cmTryCompileExec:
	CompileC CMAKE_TRY_COMPILE.build/Debug/cmTryCompileExec.build/Objects-normal/i386/CheckSymbolExists.o /Users/brainiac/Development/ShowEQ-5.13.1.0/CMakeFiles/CMakeTmp/CheckSymbolExists.c normal i386 c com.apple.compilers.gcc.4_0
(1 failure)

=== BUILDING NATIVE TARGET cmTryCompileExec OF PROJECT CMAKE_TRY_COMPILE WITH CONFIGURATION Debug ===

Checking Dependencies...

PhaseScriptExecution /Users/brainiac/Development/ShowEQ-5.13.1.0/CMakeFiles/CMakeTmp/CMAKE_TRY_COMPILE.build/Debug/cmTryCompileExec.build/Script-6D29906D29906D2990000000.sh
    cd /Users/brainiac/Development/ShowEQ-5.13.1.0/CMakeFiles/CMakeTmp
    /bin/sh -c /Users/brainiac/Development/ShowEQ-5.13.1.0/CMakeFiles/CMakeTmp/CMAKE_TRY_COMPILE.build/Debug/cmTryCompileExec.build/Script-6D29906D29906D2990000000.sh
make: `CMakeFiles/cmake.check_cache' is up to date.

CompileC CMAKE_TRY_COMPILE.build/Debug/cmTryCompileExec.build/Objects-normal/i386/CheckSymbolExists.o /Users/brainiac/Development/ShowEQ-5.13.1.0/CMakeFiles/CMakeTmp/CheckSymbolExists.c normal i386 c com.apple.compilers.gcc.4_0
    cd /Users/brainiac/Development/ShowEQ-5.13.1.0/CMakeFiles/CMakeTmp
    /Developer/usr/bin/gcc-4.0 -x c -arch i386 -fmessage-length=0 -pipe -Wno-trigraphs -fpascal-strings -fasm-blocks -O0 -mdynamic-no-pic -DCMAKE_INTDIR="Debug" -gdwarf-2 -Wmost -Wno-four-char-constants -Wno-unknown-pragmas -F/Users/brainiac/Development/ShowEQ-5.13.1.0/CMakeFiles/CMakeTmp/Debug -I/Users/brainiac/Development/ShowEQ-5.13.1.0/CMakeFiles/CMakeTmp/Debug/include -I/usr/local/Trolltech/Qt-4.4.3/include -I/Users/brainiac/Development/ShowEQ-5.13.1.0/CMakeFiles/CMakeTmp/CMAKE_TRY_COMPILE.build/Debug/cmTryCompileExec.build/DerivedSources -F/usr/local/Trolltech/Qt-4.4.3/lib -c /Users/brainiac/Development/ShowEQ-5.13.1.0/CMakeFiles/CMakeTmp/CheckSymbolExists.c -o /Users/brainiac/Development/ShowEQ-5.13.1.0/CMakeFiles/CMakeTmp/CMAKE_TRY_COMPILE.build/Debug/cmTryCompileExec.build/Objects-normal/i386/CheckSymbolExists.o
/Users/brainiac/Development/ShowEQ-5.13.1.0/CMakeFiles/CMakeTmp/CheckSymbolExists.c: In function ‘main’:
/Users/brainiac/Development/ShowEQ-5.13.1.0/CMakeFiles/CMakeTmp/CheckSymbolExists.c:8: error: ‘Q_WS_QWS’ undeclared (first use in this function)
/Users/brainiac/Development/ShowEQ-5.13.1.0/CMakeFiles/CMakeTmp/CheckSymbolExists.c:8: error: (Each undeclared identifier is reported only once
/Users/brainiac/Development/ShowEQ-5.13.1.0/CMakeFiles/CMakeTmp/CheckSymbolExists.c:8: error: for each function it appears in.)

PhaseScriptExecution /Users/brainiac/Development/ShowEQ-5.13.1.0/CMakeFiles/CMakeTmp/CMAKE_TRY_COMPILE.build/Debug/cmTryCompileExec.build/Script-6D31A06D31A06D31A0000000.sh
    cd /Users/brainiac/Development/ShowEQ-5.13.1.0/CMakeFiles/CMakeTmp
    /bin/sh -c /Users/brainiac/Development/ShowEQ-5.13.1.0/CMakeFiles/CMakeTmp/CMAKE_TRY_COMPILE.build/Debug/cmTryCompileExec.build/Script-6D31A06D31A06D31A0000000.sh
echo "Depend check for xcode"
Depend check for xcode
cd /Users/brainiac/Development/ShowEQ-5.13.1.0/CMakeFiles/CMakeTmp && make -C /Users/brainiac/Development/ShowEQ-5.13.1.0/CMakeFiles/CMakeTmp -f /Users/brainiac/Development/ShowEQ-5.13.1.0/CMakeFiles/CMakeTmp/CMakeScripts/XCODE_DEPEND_HELPER.make all.Debug
/bin/rm -f /Users/brainiac/Development/ShowEQ-5.13.1.0/CMakeFiles/CMakeTmp/Debug/cmTryCompileExec

File /Users/brainiac/Development/ShowEQ-5.13.1.0/CMakeFiles/CMakeTmp/CheckSymbolExists.c:
/* */
#include <QtCore/qglobal.h>

void cmakeRequireSymbol(int dummy,...){(void)dummy;}
int main()
{
#ifndef Q_WS_QWS
  cmakeRequireSymbol(0,&Q_WS_QWS);
#endif
  return 0;
}

Determining if the function pthread_create exists in the pthreads failed with the following output:
Change Dir: /Users/brainiac/Development/ShowEQ-5.13.1.0/CMakeFiles/CMakeTmp

Run Build Command:/opt/local/bin/cmakexbuild -project CMAKE_TRY_COMPILE.xcodeproj build -target cmTryCompileExec -configuration Debug
** BUILD FAILED **

The following build commands failed:
cmTryCompileExec:
	Ld /Users/brainiac/Development/ShowEQ-5.13.1.0/CMakeFiles/CMakeTmp/Debug/cmTryCompileExec normal i386
(1 failure)

=== BUILDING NATIVE TARGET cmTryCompileExec OF PROJECT CMAKE_TRY_COMPILE WITH CONFIGURATION Debug ===

Checking Dependencies...

PhaseScriptExecution /Users/brainiac/Development/ShowEQ-5.13.1.0/CMakeFiles/CMakeTmp/CMAKE_TRY_COMPILE.build/Debug/cmTryCompileExec.build/Script-6F1F606F1F606F1F60000000.sh
    cd /Users/brainiac/Development/ShowEQ-5.13.1.0/CMakeFiles/CMakeTmp
    /bin/sh -c /Users/brainiac/Development/ShowEQ-5.13.1.0/CMakeFiles/CMakeTmp/CMAKE_TRY_COMPILE.build/Debug/cmTryCompileExec.build/Script-6F1F606F1F606F1F60000000.sh
make: `CMakeFiles/cmake.check_cache' is up to date.

CompileC CMAKE_TRY_COMPILE.build/Debug/cmTryCompileExec.build/Objects-normal/i386/CheckFunctionExists.o /opt/local/share/cmake-2.6/Modules/CheckFunctionExists.c normal i386 c com.apple.compilers.gcc.4_0
    cd /Users/brainiac/Development/ShowEQ-5.13.1.0/CMakeFiles/CMakeTmp
    /Developer/usr/bin/gcc-4.0 -x c -arch i386 -fmessage-length=0 -pipe -Wno-trigraphs -fpascal-strings -fasm-blocks -O0 -mdynamic-no-pic -DCMAKE_INTDIR="Debug" -gdwarf-2 -Wmost -Wno-four-char-constants -Wno-unknown-pragmas -F/Users/brainiac/Development/ShowEQ-5.13.1.0/CMakeFiles/CMakeTmp/Debug -I/Users/brainiac/Development/ShowEQ-5.13.1.0/CMakeFiles/CMakeTmp/Debug/include -I/Users/brainiac/Development/ShowEQ-5.13.1.0/CMakeFiles/CMakeTmp/CMAKE_TRY_COMPILE.build/Debug/cmTryCompileExec.build/DerivedSources -DCHECK_FUNCTION_EXISTS=pthread_create -c /opt/local/share/cmake-2.6/Modules/CheckFunctionExists.c -o /Users/brainiac/Development/ShowEQ-5.13.1.0/CMakeFiles/CMakeTmp/CMAKE_TRY_COMPILE.build/Debug/cmTryCompileExec.build/Objects-normal/i386/CheckFunctionExists.o

Ld /Users/brainiac/Development/ShowEQ-5.13.1.0/CMakeFiles/CMakeTmp/Debug/cmTryCompileExec normal i386
    cd /Users/brainiac/Development/ShowEQ-5.13.1.0/CMakeFiles/CMakeTmp
    /Developer/usr/bin/gcc-4.0 -arch i386 -L/Users/brainiac/Development/ShowEQ-5.13.1.0/CMakeFiles/CMakeTmp/Debug -F/Users/brainiac/Development/ShowEQ-5.13.1.0/CMakeFiles/CMakeTmp/Debug -filelist /Users/brainiac/Development/ShowEQ-5.13.1.0/CMakeFiles/CMakeTmp/CMAKE_TRY_COMPILE.build/Debug/cmTryCompileExec.build/Objects-normal/i386/cmTryCompileExec.LinkFileList -Wl,-search_paths_first -headerpad_max_install_names -lpthreads -o /Users/brainiac/Development/ShowEQ-5.13.1.0/CMakeFiles/CMakeTmp/Debug/cmTryCompileExec
ld: library not found for -lpthreads
collect2: ld returned 1 exit status

PhaseScriptExecution /Users/brainiac/Development/ShowEQ-5.13.1.0/CMakeFiles/CMakeTmp/CMAKE_TRY_COMPILE.build/Debug/cmTryCompileExec.build/Script-6F27706F27706F2770000000.sh
    cd /Users/brainiac/Development/ShowEQ-5.13.1.0/CMakeFiles/CMakeTmp
    /bin/sh -c /Users/brainiac/Development/ShowEQ-5.13.1.0/CMakeFiles/CMakeTmp/CMAKE_TRY_COMPILE.build/Debug/cmTryCompileExec.build/Script-6F27706F27706F2770000000.sh
echo "Depend check for xcode"
Depend check for xcode
cd /Users/brainiac/Development/ShowEQ-5.13.1.0/CMakeFiles/CMakeTmp && make -C /Users/brainiac/Development/ShowEQ-5.13.1.0/CMakeFiles/CMakeTmp -f /Users/brainiac/Development/ShowEQ-5.13.1.0/CMakeFiles/CMakeTmp/CMakeScripts/XCODE_DEPEND_HELPER.make all.Debug
/bin/rm -f /Users/brainiac/Development/ShowEQ-5.13.1.0/CMakeFiles/CMakeTmp/Debug/cmTryCompileExec


Determining if the function strnlen exists failed with the following output:
Change Dir: /Users/brainiac/Development/ShowEQ-5.13.1.0/CMakeFiles/CMakeTmp

Run Build Command:/opt/local/bin/cmakexbuild -project CMAKE_TRY_COMPILE.xcodeproj build -target cmTryCompileExec -configuration Debug
** BUILD FAILED **

The following build commands failed:
cmTryCompileExec:
	Ld /Users/brainiac/Development/ShowEQ-5.13.1.0/CMakeFiles/CMakeTmp/Debug/cmTryCompileExec normal i386
(1 failure)

=== BUILDING NATIVE TARGET cmTryCompileExec OF PROJECT CMAKE_TRY_COMPILE WITH CONFIGURATION Debug ===

Checking Dependencies...

PhaseScriptExecution /Users/brainiac/Development/ShowEQ-5.13.1.0/CMakeFiles/CMakeTmp/CMAKE_TRY_COMPILE.build/Debug/cmTryCompileExec.build/Script-6F69106F69106F6910000000.sh
    cd /Users/brainiac/Development/ShowEQ-5.13.1.0/CMakeFiles/CMakeTmp
    /bin/sh -c /Users/brainiac/Development/ShowEQ-5.13.1.0/CMakeFiles/CMakeTmp/CMAKE_TRY_COMPILE.build/Debug/cmTryCompileExec.build/Script-6F69106F69106F6910000000.sh
make: `CMakeFiles/cmake.check_cache' is up to date.

CompileC CMAKE_TRY_COMPILE.build/Debug/cmTryCompileExec.build/Objects-normal/i386/CheckFunctionExists.o /opt/local/share/cmake-2.6/Modules/CheckFunctionExists.c normal i386 c com.apple.compilers.gcc.4_0
    cd /Users/brainiac/Development/ShowEQ-5.13.1.0/CMakeFiles/CMakeTmp
    /Developer/usr/bin/gcc-4.0 -x c -arch i386 -fmessage-length=0 -pipe -Wno-trigraphs -fpascal-strings -fasm-blocks -O0 -mdynamic-no-pic -DCMAKE_INTDIR="Debug" -gdwarf-2 -Wmost -Wno-four-char-constants -Wno-unknown-pragmas -F/Users/brainiac/Development/ShowEQ-5.13.1.0/CMakeFiles/CMakeTmp/Debug -I/Users/brainiac/Development/ShowEQ-5.13.1.0/CMakeFiles/CMakeTmp/Debug/include -I/Users/brainiac/Development/ShowEQ-5.13.1.0/CMakeFiles/CMakeTmp/CMAKE_TRY_COMPILE.build/Debug/cmTryCompileExec.build/DerivedSources -DCHECK_FUNCTION_EXISTS=strnlen -c /opt/local/share/cmake-2.6/Modules/CheckFunctionExists.c -o /Users/brainiac/Development/ShowEQ-5.13.1.0/CMakeFiles/CMakeTmp/CMAKE_TRY_COMPILE.build/Debug/cmTryCompileExec.build/Objects-normal/i386/CheckFunctionExists.o

Ld /Users/brainiac/Development/ShowEQ-5.13.1.0/CMakeFiles/CMakeTmp/Debug/cmTryCompileExec normal i386
    cd /Users/brainiac/Development/ShowEQ-5.13.1.0/CMakeFiles/CMakeTmp
    /Developer/usr/bin/gcc-4.0 -arch i386 -L/Users/brainiac/Development/ShowEQ-5.13.1.0/CMakeFiles/CMakeTmp/Debug -F/Users/brainiac/Development/ShowEQ-5.13.1.0/CMakeFiles/CMakeTmp/Debug -filelist /Users/brainiac/Development/ShowEQ-5.13.1.0/CMakeFiles/CMakeTmp/CMAKE_TRY_COMPILE.build/Debug/cmTryCompileExec.build/Objects-normal/i386/cmTryCompileExec.LinkFileList -Wl,-search_paths_first -headerpad_max_install_names -o /Users/brainiac/Development/ShowEQ-5.13.1.0/CMakeFiles/CMakeTmp/Debug/cmTryCompileExec
Undefined symbols:
  "_strnlen", referenced from:
      _main in CheckFunctionExists.o
ld: symbol(s) not found
collect2: ld returned 1 exit status

PhaseScriptExecution /Users/brainiac/Development/ShowEQ-5.13.1.0/CMakeFiles/CMakeTmp/CMAKE_TRY_COMPILE.build/Debug/cmTryCompileExec.build/Script-6F71206F71206F7120000000.sh
    cd /Users/brainiac/Development/ShowEQ-5.13.1.0/CMakeFiles/CMakeTmp
    /bin/sh -c /Users/brainiac/Development/ShowEQ-5.13.1.0/CMakeFiles/CMakeTmp/CMAKE_TRY_COMPILE.build/Debug/cmTryCompileExec.build/Script-6F71206F71206F7120000000.sh
echo "Depend check for xcode"
Depend check for xcode
cd /Users/brainiac/Development/ShowEQ-5.13.1.0/CMakeFiles/CMakeTmp && make -C /Users/brainiac/Development/ShowEQ-5.13.1.0/CMakeFiles/CMakeTmp -f /Users/brainiac/Development/ShowEQ-5.13.1.0/CMakeFiles/CMakeTmp/CMakeScripts/XCODE_DEPEND_HELPER.make all.Debug
/bin/rm -f /Users/brainiac/Development/ShowEQ-5.13.1.0/CMakeFiles/CMakeTmp/Debug/cmTryCompileExec


